[2025-11-27T21:32:02.288+0000] {taskinstance.py:1157} INFO - Dependencies all met for dep_context=non-requeueable deps ti=<TaskInstance: mxkeys_price_monitor.run_scraper manual__2025-11-27T21:32:00.587946+00:00 [queued]>
[2025-11-27T21:32:02.309+0000] {taskinstance.py:1157} INFO - Dependencies all met for dep_context=requeueable deps ti=<TaskInstance: mxkeys_price_monitor.run_scraper manual__2025-11-27T21:32:00.587946+00:00 [queued]>
[2025-11-27T21:32:02.309+0000] {taskinstance.py:1359} INFO - Starting attempt 1 of 3
[2025-11-27T21:32:02.401+0000] {taskinstance.py:1380} INFO - Executing <Task(BashOperator): run_scraper> on 2025-11-27 21:32:00.587946+00:00
[2025-11-27T21:32:02.412+0000] {standard_task_runner.py:57} INFO - Started process 239 to run task
[2025-11-27T21:32:02.420+0000] {standard_task_runner.py:84} INFO - Running: ['***', 'tasks', 'run', 'mxkeys_price_monitor', 'run_scraper', 'manual__2025-11-27T21:32:00.587946+00:00', '--job-id', '21', '--raw', '--subdir', 'DAGS_FOLDER/mxkeys_price_dag.py', '--cfg-path', '/tmp/tmpvggwnh2k']
[2025-11-27T21:32:02.424+0000] {standard_task_runner.py:85} INFO - Job 21: Subtask run_scraper
[2025-11-27T21:32:02.508+0000] {task_command.py:415} INFO - Running <TaskInstance: mxkeys_price_monitor.run_scraper manual__2025-11-27T21:32:00.587946+00:00 [running]> on host b8786d04d5a7
[2025-11-27T21:32:02.645+0000] {taskinstance.py:1660} INFO - Exporting env vars: AIRFLOW_CTX_DAG_OWNER='rafael' AIRFLOW_CTX_DAG_ID='mxkeys_price_monitor' AIRFLOW_CTX_TASK_ID='run_scraper' AIRFLOW_CTX_EXECUTION_DATE='2025-11-27T21:32:00.587946+00:00' AIRFLOW_CTX_TRY_NUMBER='1' AIRFLOW_CTX_DAG_RUN_ID='manual__2025-11-27T21:32:00.587946+00:00'
[2025-11-27T21:32:02.647+0000] {subprocess.py:63} INFO - Tmp dir root location: /tmp
[2025-11-27T21:32:02.648+0000] {subprocess.py:75} INFO - Running command: ['/bin/bash', '-c', 'cd /opt && python -m scraper.main']
[2025-11-27T21:32:02.664+0000] {subprocess.py:86} INFO - Output:
[2025-11-27T21:32:17.931+0000] {subprocess.py:93} INFO - Traceback (most recent call last):
[2025-11-27T21:32:17.932+0000] {subprocess.py:93} INFO -   File "/usr/local/lib/python3.8/runpy.py", line 194, in _run_module_as_main
[2025-11-27T21:32:17.932+0000] {subprocess.py:93} INFO -     return _run_code(code, main_globals, None,
[2025-11-27T21:32:17.932+0000] {subprocess.py:93} INFO -   File "/usr/local/lib/python3.8/runpy.py", line 87, in _run_code
[2025-11-27T21:32:17.933+0000] {subprocess.py:93} INFO -     exec(code, run_globals)
[2025-11-27T21:32:17.933+0000] {subprocess.py:93} INFO -   File "/opt/scraper/main.py", line 80, in <module>
[2025-11-27T21:32:17.934+0000] {subprocess.py:93} INFO -     main()
[2025-11-27T21:32:17.934+0000] {subprocess.py:93} INFO -   File "/opt/scraper/main.py", line 64, in main
[2025-11-27T21:32:17.934+0000] {subprocess.py:93} INFO -     save_price_db(conn, produto, site, url, price)
[2025-11-27T21:32:17.934+0000] {subprocess.py:93} INFO -   File "/opt/scraper/main.py", line 15, in save_price_db
[2025-11-27T21:32:17.935+0000] {subprocess.py:93} INFO -     cur.execute("""
[2025-11-27T21:32:17.935+0000] {subprocess.py:93} INFO - psycopg2.errors.UndefinedTable: relation "precos" does not exist
[2025-11-27T21:32:17.935+0000] {subprocess.py:93} INFO - LINE 2:         INSERT INTO precos (produto, site, url, preco, data_...
[2025-11-27T21:32:17.936+0000] {subprocess.py:93} INFO -                             ^
[2025-11-27T21:32:17.936+0000] {subprocess.py:93} INFO - 
[2025-11-27T21:32:17.937+0000] {subprocess.py:93} INFO - Coletando amazon -> https://www.amazon.com.br/Logitech-Inteligente-Easy-Switch-dispositivos-Recarreg%C3%A1vel/dp/B09LYZP1LG
[2025-11-27T21:32:17.937+0000] {subprocess.py:93} INFO - Coletando mercadolivre -> https://www.mercadolivre.com.br/MLB-18931565
[2025-11-27T21:32:17.937+0000] {subprocess.py:93} INFO - Erro ao buscar https://www.mercadolivre.com.br/MLB-18931565: 403 Client Error: Forbidden for url: https://www.mercadolivre.com.br/MLB-18931565
[2025-11-27T21:32:17.938+0000] {subprocess.py:93} INFO - Coletando magalu -> https://www.magazineluiza.com.br/teclado-bluetooth-logitech-master-series-mx-keys-mini-qwerty/p/kkf0k96c15
[2025-11-27T21:32:17.938+0000] {subprocess.py:93} INFO - Coletando kabum -> https://www.kabum.com.br/produto/366615/teclado-logitech-mx-keys-mini-cinza-padrao-us-920-010506
[2025-11-27T21:32:17.939+0000] {subprocess.py:93} INFO - amazon 664.87
[2025-11-27T21:32:17.980+0000] {subprocess.py:97} INFO - Command exited with return code 1
[2025-11-27T21:32:18.001+0000] {taskinstance.py:1935} ERROR - Task failed with exception
Traceback (most recent call last):
  File "/home/airflow/.local/lib/python3.8/site-packages/airflow/operators/bash.py", line 210, in execute
    raise AirflowException(
airflow.exceptions.AirflowException: Bash command failed. The command returned a non-zero exit code 1.
[2025-11-27T21:32:18.006+0000] {taskinstance.py:1398} INFO - Marking task as UP_FOR_RETRY. dag_id=mxkeys_price_monitor, task_id=run_scraper, execution_date=20251127T213200, start_date=20251127T213202, end_date=20251127T213218
[2025-11-27T21:32:18.030+0000] {standard_task_runner.py:104} ERROR - Failed to execute job 21 for task run_scraper (Bash command failed. The command returned a non-zero exit code 1.; 239)
[2025-11-27T21:32:18.047+0000] {local_task_job_runner.py:228} INFO - Task exited with return code 1
[2025-11-27T21:32:18.077+0000] {taskinstance.py:2776} INFO - 0 downstream tasks scheduled from follow-on schedule check
