[2025-12-02T17:14:02.257+0000] {taskinstance.py:1157} INFO - Dependencies all met for dep_context=non-requeueable deps ti=<TaskInstance: mxkeys_price_monitor.run_scraper manual__2025-12-02T17:13:59.068932+00:00 [queued]>
[2025-12-02T17:14:02.277+0000] {taskinstance.py:1157} INFO - Dependencies all met for dep_context=requeueable deps ti=<TaskInstance: mxkeys_price_monitor.run_scraper manual__2025-12-02T17:13:59.068932+00:00 [queued]>
[2025-12-02T17:14:02.278+0000] {taskinstance.py:1359} INFO - Starting attempt 1 of 3
[2025-12-02T17:14:02.309+0000] {taskinstance.py:1380} INFO - Executing <Task(BashOperator): run_scraper> on 2025-12-02 17:13:59.068932+00:00
[2025-12-02T17:14:02.322+0000] {standard_task_runner.py:57} INFO - Started process 1306 to run task
[2025-12-02T17:14:02.335+0000] {standard_task_runner.py:84} INFO - Running: ['***', 'tasks', 'run', 'mxkeys_price_monitor', 'run_scraper', 'manual__2025-12-02T17:13:59.068932+00:00', '--job-id', '11', '--raw', '--subdir', 'DAGS_FOLDER/mxkeys_price_dag.py', '--cfg-path', '/tmp/tmph1ud3p5d']
[2025-12-02T17:14:02.342+0000] {standard_task_runner.py:85} INFO - Job 11: Subtask run_scraper
[2025-12-02T17:14:02.654+0000] {task_command.py:415} INFO - Running <TaskInstance: mxkeys_price_monitor.run_scraper manual__2025-12-02T17:13:59.068932+00:00 [running]> on host 631406af00ce
[2025-12-02T17:14:02.956+0000] {taskinstance.py:1660} INFO - Exporting env vars: AIRFLOW_CTX_DAG_OWNER='rafael' AIRFLOW_CTX_DAG_ID='mxkeys_price_monitor' AIRFLOW_CTX_TASK_ID='run_scraper' AIRFLOW_CTX_EXECUTION_DATE='2025-12-02T17:13:59.068932+00:00' AIRFLOW_CTX_TRY_NUMBER='1' AIRFLOW_CTX_DAG_RUN_ID='manual__2025-12-02T17:13:59.068932+00:00'
[2025-12-02T17:14:02.961+0000] {subprocess.py:63} INFO - Tmp dir root location: /tmp
[2025-12-02T17:14:02.962+0000] {subprocess.py:75} INFO - Running command: ['/bin/bash', '-c', 'export MXKEYS_SITES_FILE=/opt/***/dags/sites.json && cd /opt && python -m scraper.main']
[2025-12-02T17:14:02.996+0000] {subprocess.py:86} INFO - Output:
[2025-12-02T17:14:44.083+0000] {subprocess.py:93} INFO - → Carregando sites de: /opt/***/dags/sites.json
[2025-12-02T17:14:44.084+0000] {subprocess.py:93} INFO - Coletando amazon: https://shre.ink/q3sy
[2025-12-02T17:14:44.085+0000] {subprocess.py:93} INFO - Buscando preço de amazon
[2025-12-02T17:14:44.085+0000] {subprocess.py:93} INFO - AMAZON SEM PREÇO — salvando HTML para debug…
[2025-12-02T17:14:44.085+0000] {subprocess.py:93} INFO - ERRO no scraping de amazon: [Errno 13] Permission denied: 'amazon_debug.html'
[2025-12-02T17:14:44.085+0000] {subprocess.py:93} INFO - Coletando mercadolivre: https://shre.ink/q3sz
[2025-12-02T17:14:44.086+0000] {subprocess.py:93} INFO - Buscando preço de mercadolivre
[2025-12-02T17:14:44.086+0000] {subprocess.py:93} INFO - Falhou API - tentando HTML
[2025-12-02T17:14:44.086+0000] {subprocess.py:93} INFO - Coletando magalu: hhttps://shre.ink/q3sN
[2025-12-02T17:14:44.086+0000] {subprocess.py:93} INFO - Buscando preço de magalu
[2025-12-02T17:14:44.086+0000] {subprocess.py:93} INFO - Erro ao buscar hhttps://shre.ink/q3sN: No connection adapters were found for 'hhttps://shre.ink/q3sN'
[2025-12-02T17:14:44.086+0000] {subprocess.py:93} INFO - ERRO no scraping de magalu: expected string or bytes-like object
[2025-12-02T17:14:44.087+0000] {subprocess.py:93} INFO - Coletando kabum: https://shre.ink/q3sO
[2025-12-02T17:14:44.087+0000] {subprocess.py:93} INFO - Buscando preço de kabum
[2025-12-02T17:14:44.087+0000] {subprocess.py:93} INFO - Coletando iplace: https://shre.ink/qhmu
[2025-12-02T17:14:44.087+0000] {subprocess.py:93} INFO - Buscando preço de iplace
[2025-12-02T17:14:44.088+0000] {subprocess.py:93} INFO - Coletando terabyte: https://shre.ink/qhm3
[2025-12-02T17:14:44.088+0000] {subprocess.py:93} INFO - Buscando preço de terabyte
[2025-12-02T17:14:44.088+0000] {subprocess.py:93} INFO - Erro ao buscar https://shre.ink/qhm3: 403 Client Error: Forbidden for url: https://www.terabyteshop.com.br/produto/28634/teclado-logitech-mx-keys-mini-sem-fio-iluminacao-smart-easy-switch-grafite-920-010505
[2025-12-02T17:14:44.088+0000] {subprocess.py:93} INFO - Coletando pichau: https://shre.ink/q3sE
[2025-12-02T17:14:44.089+0000] {subprocess.py:93} INFO - Buscando preço de pichau
[2025-12-02T17:14:44.089+0000] {subprocess.py:93} INFO - Erro ao buscar https://shre.ink/q3sE: 403 Client Error: Forbidden for url: https://www.pichau.com.br/teclado-sem-fio-logitech-mx-keys-mini-iluminacao-smart-easy-switch-grafite-920-010505
[2025-12-02T17:14:44.089+0000] {subprocess.py:93} INFO - Coletando kalunga: https://shre.ink/q3Wd
[2025-12-02T17:14:44.089+0000] {subprocess.py:93} INFO - Buscando preço de kalunga
[2025-12-02T17:14:44.089+0000] {subprocess.py:93} INFO - Coletando kabum_2: https://shre.ink/q3s6
[2025-12-02T17:14:44.089+0000] {subprocess.py:93} INFO - Buscando preço de kabum_2
[2025-12-02T17:14:44.090+0000] {subprocess.py:93} INFO - amazon: None
[2025-12-02T17:14:44.090+0000] {subprocess.py:93} INFO - Aviso: preço não encontrado para amazon — pulando.
[2025-12-02T17:14:44.090+0000] {subprocess.py:93} INFO - mercadolivre: 968.0
[2025-12-02T17:14:44.090+0000] {subprocess.py:93} INFO - magalu: None
[2025-12-02T17:14:44.090+0000] {subprocess.py:93} INFO - Aviso: preço não encontrado para magalu — pulando.
[2025-12-02T17:14:44.090+0000] {subprocess.py:93} INFO - kabum: None
[2025-12-02T17:14:44.090+0000] {subprocess.py:93} INFO - Aviso: preço não encontrado para kabum — pulando.
[2025-12-02T17:14:44.090+0000] {subprocess.py:93} INFO - iplace: None
[2025-12-02T17:14:44.091+0000] {subprocess.py:93} INFO - Aviso: preço não encontrado para iplace — pulando.
[2025-12-02T17:14:44.091+0000] {subprocess.py:93} INFO - terabyte: None
[2025-12-02T17:14:44.091+0000] {subprocess.py:93} INFO - Aviso: preço não encontrado para terabyte — pulando.
[2025-12-02T17:14:44.091+0000] {subprocess.py:93} INFO - pichau: None
[2025-12-02T17:14:44.091+0000] {subprocess.py:93} INFO - Aviso: preço não encontrado para pichau — pulando.
[2025-12-02T17:14:44.091+0000] {subprocess.py:93} INFO - kalunga: 859.9
[2025-12-02T17:14:44.092+0000] {subprocess.py:93} INFO - kabum_2: 799.99
[2025-12-02T17:14:44.134+0000] {subprocess.py:97} INFO - Command exited with return code 0
[2025-12-02T17:14:44.198+0000] {taskinstance.py:1398} INFO - Marking task as SUCCESS. dag_id=mxkeys_price_monitor, task_id=run_scraper, execution_date=20251202T171359, start_date=20251202T171402, end_date=20251202T171444
[2025-12-02T17:14:44.249+0000] {local_task_job_runner.py:228} INFO - Task exited with return code 0
[2025-12-02T17:14:44.298+0000] {taskinstance.py:2776} INFO - 0 downstream tasks scheduled from follow-on schedule check
