[2025-11-27T19:05:50.778+0000] {taskinstance.py:1157} INFO - Dependencies all met for dep_context=non-requeueable deps ti=<TaskInstance: mxkeys_price_monitor.run_scraper manual__2025-11-27T19:05:47.832080+00:00 [queued]>
[2025-11-27T19:05:50.806+0000] {taskinstance.py:1157} INFO - Dependencies all met for dep_context=requeueable deps ti=<TaskInstance: mxkeys_price_monitor.run_scraper manual__2025-11-27T19:05:47.832080+00:00 [queued]>
[2025-11-27T19:05:50.807+0000] {taskinstance.py:1359} INFO - Starting attempt 1 of 3
[2025-11-27T19:05:50.893+0000] {taskinstance.py:1380} INFO - Executing <Task(BashOperator): run_scraper> on 2025-11-27 19:05:47.832080+00:00
[2025-11-27T19:05:50.906+0000] {standard_task_runner.py:57} INFO - Started process 187 to run task
[2025-11-27T19:05:50.920+0000] {standard_task_runner.py:84} INFO - Running: ['***', 'tasks', 'run', 'mxkeys_price_monitor', 'run_scraper', 'manual__2025-11-27T19:05:47.832080+00:00', '--job-id', '3', '--raw', '--subdir', 'DAGS_FOLDER/mxkeys_price_dag.py', '--cfg-path', '/tmp/tmpgz7i9d8x']
[2025-11-27T19:05:50.931+0000] {standard_task_runner.py:85} INFO - Job 3: Subtask run_scraper
[2025-11-27T19:05:51.365+0000] {task_command.py:415} INFO - Running <TaskInstance: mxkeys_price_monitor.run_scraper manual__2025-11-27T19:05:47.832080+00:00 [running]> on host 905de5b3a392
[2025-11-27T19:05:51.571+0000] {taskinstance.py:1660} INFO - Exporting env vars: AIRFLOW_CTX_DAG_OWNER='rafael' AIRFLOW_CTX_DAG_ID='mxkeys_price_monitor' AIRFLOW_CTX_TASK_ID='run_scraper' AIRFLOW_CTX_EXECUTION_DATE='2025-11-27T19:05:47.832080+00:00' AIRFLOW_CTX_TRY_NUMBER='1' AIRFLOW_CTX_DAG_RUN_ID='manual__2025-11-27T19:05:47.832080+00:00'
[2025-11-27T19:05:51.576+0000] {subprocess.py:63} INFO - Tmp dir root location: /tmp
[2025-11-27T19:05:51.579+0000] {subprocess.py:75} INFO - Running command: ['/bin/bash', '-c', 'cd /opt && python -m scraper.main']
[2025-11-27T19:05:51.603+0000] {subprocess.py:86} INFO - Output:
[2025-11-27T19:06:08.168+0000] {subprocess.py:93} INFO - Traceback (most recent call last):
[2025-11-27T19:06:08.169+0000] {subprocess.py:93} INFO -   File "/usr/local/lib/python3.8/runpy.py", line 194, in _run_module_as_main
[2025-11-27T19:06:08.169+0000] {subprocess.py:93} INFO -     return _run_code(code, main_globals, None,
[2025-11-27T19:06:08.170+0000] {subprocess.py:93} INFO -   File "/usr/local/lib/python3.8/runpy.py", line 87, in _run_code
[2025-11-27T19:06:08.171+0000] {subprocess.py:93} INFO -     exec(code, run_globals)
[2025-11-27T19:06:08.172+0000] {subprocess.py:93} INFO -   File "/opt/scraper/main.py", line 66, in <module>
[2025-11-27T19:06:08.172+0000] {subprocess.py:93} INFO -     main()
[2025-11-27T19:06:08.173+0000] {subprocess.py:93} INFO -   File "/opt/scraper/main.py", line 41, in main
[2025-11-27T19:06:08.174+0000] {subprocess.py:93} INFO -     conn = psycopg2.connect(
[2025-11-27T19:06:08.175+0000] {subprocess.py:93} INFO -   File "/home/***/.local/lib/python3.8/site-packages/psycopg2/__init__.py", line 122, in connect
[2025-11-27T19:06:08.176+0000] {subprocess.py:93} INFO -     conn = _connect(dsn, connection_factory=connection_factory, **kwasync)
[2025-11-27T19:06:08.177+0000] {subprocess.py:93} INFO - psycopg2.OperationalError: could not translate host name "db" to address: Temporary failure in name resolution
[2025-11-27T19:06:08.177+0000] {subprocess.py:93} INFO - 
[2025-11-27T19:06:08.177+0000] {subprocess.py:93} INFO - Coletando amazon -> https://www.amazon.com.br/Logitech-Inteligente-Easy-Switch-dispositivos-Recarreg%C3%A1vel/dp/B09LYZP1LG/ref=sr_1_2_sspa?dib=eyJ2IjoiMSJ9.qAv9Nt1hy_T06DHe7RDrRr0qSFpdgID11gqOlzil9_QCR0G_KavyYoh3VzqKgbcUb0BLuIziuqbjdrKm-KpjAwPLONUB624veUt2iSS7wWeIfgYgASwavVcWEc0SUeJY5lSWVeYWANzYLlw7fXMV2x3TxOkUu-bXaqy5uRRjC8txFj7wrvT1jm9FGwEW4EsINWlEh2oAcFjdp9H1UJQNrJw8XQSoDk_FGlA26nE1deUPUGFg7_79lK3jPgui3oGcCI3CkA2Cn-1ap0Ls1rxc_CqYUcX-87SPku7SaJ-j_F8.GYwRk8Ecu4WHEZL3HU9kwFNRCyDPuhXJUPJ-N4q_M78&dib_tag=se&keywords=mx%2Bkeys&qid=1764247189&sr=8-2-spons&ufe=app_do%3Aamzn1.fos.25548f35-0de7-44b3-b28e-0f56f3f96147&sp_csd=d2lkZ2V0TmFtZT1zcF9hdGY&th=1
[2025-11-27T19:06:08.178+0000] {subprocess.py:93} INFO - Coletando mercadolivre -> https://www.mercadolivre.com.br/teclado-bluetooth-logitech-master-series-mx-keys-mini-qwerty-ingls-uk-cor-grafite-com-luz-branco/p/MLB18931565#polycard_client=search-nordic&search_layout=grid&position=4&type=product&tracking_id=cc68bf9e-3bed-443f-a340-68492d0e925a&wid=MLB5922924006&sid=search
[2025-11-27T19:06:08.179+0000] {subprocess.py:93} INFO - Erro ao buscar https://www.mercadolivre.com.br/teclado-bluetooth-logitech-master-series-mx-keys-mini-qwerty-ingls-uk-cor-grafite-com-luz-branco/p/MLB18931565#polycard_client=search-nordic&search_layout=grid&position=4&type=product&tracking_id=cc68bf9e-3bed-443f-a340-68492d0e925a&wid=MLB5922924006&sid=search: 403 Client Error: Forbidden for url: https://www.mercadolivre.com.br/teclado-bluetooth-logitech-master-series-mx-keys-mini-qwerty-ingls-uk-cor-grafite-com-luz-branco/p/MLB18931565#polycard_client=search-nordic&search_layout=grid&position=4&type=product&tracking_id=cc68bf9e-3bed-443f-a340-68492d0e925a&wid=MLB5922924006&sid=search
[2025-11-27T19:06:08.180+0000] {subprocess.py:93} INFO - Coletando magalu -> https://www.magazineluiza.com.br/teclado-bluetooth-logitech-master-series-mx-keys-mini-qwerty/p/kkf0k96c15/in/tcld/?seller_id=armazemtb
[2025-11-27T19:06:08.181+0000] {subprocess.py:93} INFO - Coletando kabum -> https://www.kabum.com.br/produto/366615/teclado-logitech-mx-keys-mini-cinza-padrao-us-920-010506
[2025-11-27T19:06:08.240+0000] {subprocess.py:97} INFO - Command exited with return code 1
[2025-11-27T19:06:08.271+0000] {taskinstance.py:1935} ERROR - Task failed with exception
Traceback (most recent call last):
  File "/home/airflow/.local/lib/python3.8/site-packages/airflow/operators/bash.py", line 210, in execute
    raise AirflowException(
airflow.exceptions.AirflowException: Bash command failed. The command returned a non-zero exit code 1.
[2025-11-27T19:06:08.279+0000] {taskinstance.py:1398} INFO - Marking task as UP_FOR_RETRY. dag_id=mxkeys_price_monitor, task_id=run_scraper, execution_date=20251127T190547, start_date=20251127T190550, end_date=20251127T190608
[2025-11-27T19:06:08.306+0000] {standard_task_runner.py:104} ERROR - Failed to execute job 3 for task run_scraper (Bash command failed. The command returned a non-zero exit code 1.; 187)
[2025-11-27T19:06:08.354+0000] {local_task_job_runner.py:228} INFO - Task exited with return code 1
[2025-11-27T19:06:08.384+0000] {taskinstance.py:2776} INFO - 0 downstream tasks scheduled from follow-on schedule check
