[2025-12-02T00:24:33.340+0000] {taskinstance.py:1157} INFO - Dependencies all met for dep_context=non-requeueable deps ti=<TaskInstance: mxkeys_price_monitor.run_scraper manual__2025-12-02T00:19:29.338413+00:00 [queued]>
[2025-12-02T00:24:33.352+0000] {taskinstance.py:1157} INFO - Dependencies all met for dep_context=requeueable deps ti=<TaskInstance: mxkeys_price_monitor.run_scraper manual__2025-12-02T00:19:29.338413+00:00 [queued]>
[2025-12-02T00:24:33.353+0000] {taskinstance.py:1359} INFO - Starting attempt 2 of 3
[2025-12-02T00:24:33.375+0000] {taskinstance.py:1380} INFO - Executing <Task(BashOperator): run_scraper> on 2025-12-02 00:19:29.338413+00:00
[2025-12-02T00:24:33.384+0000] {standard_task_runner.py:57} INFO - Started process 208 to run task
[2025-12-02T00:24:33.388+0000] {standard_task_runner.py:84} INFO - Running: ['***', 'tasks', 'run', 'mxkeys_price_monitor', 'run_scraper', 'manual__2025-12-02T00:19:29.338413+00:00', '--job-id', '14', '--raw', '--subdir', 'DAGS_FOLDER/mxkeys_price_dag.py', '--cfg-path', '/tmp/tmp8lhql_zh']
[2025-12-02T00:24:33.391+0000] {standard_task_runner.py:85} INFO - Job 14: Subtask run_scraper
[2025-12-02T00:24:33.473+0000] {task_command.py:415} INFO - Running <TaskInstance: mxkeys_price_monitor.run_scraper manual__2025-12-02T00:19:29.338413+00:00 [running]> on host 5ba81b27a023
[2025-12-02T00:24:33.604+0000] {taskinstance.py:1660} INFO - Exporting env vars: AIRFLOW_CTX_DAG_OWNER='rafael' AIRFLOW_CTX_DAG_ID='mxkeys_price_monitor' AIRFLOW_CTX_TASK_ID='run_scraper' AIRFLOW_CTX_EXECUTION_DATE='2025-12-02T00:19:29.338413+00:00' AIRFLOW_CTX_TRY_NUMBER='2' AIRFLOW_CTX_DAG_RUN_ID='manual__2025-12-02T00:19:29.338413+00:00'
[2025-12-02T00:24:33.606+0000] {subprocess.py:63} INFO - Tmp dir root location: /tmp
[2025-12-02T00:24:33.606+0000] {subprocess.py:75} INFO - Running command: ['/bin/bash', '-c', 'cd /opt && python -m scraper.main']
[2025-12-02T00:24:33.623+0000] {subprocess.py:86} INFO - Output:
[2025-12-02T00:24:34.506+0000] {subprocess.py:93} INFO - Traceback (most recent call last):
[2025-12-02T00:24:34.506+0000] {subprocess.py:93} INFO -   File "/usr/local/lib/python3.8/runpy.py", line 194, in _run_module_as_main
[2025-12-02T00:24:34.507+0000] {subprocess.py:93} INFO -     return _run_code(code, main_globals, None,
[2025-12-02T00:24:34.507+0000] {subprocess.py:93} INFO -   File "/usr/local/lib/python3.8/runpy.py", line 87, in _run_code
[2025-12-02T00:24:34.507+0000] {subprocess.py:93} INFO -     exec(code, run_globals)
[2025-12-02T00:24:34.507+0000] {subprocess.py:93} INFO -   File "/opt/scraper/main.py", line 7, in <module>
[2025-12-02T00:24:34.508+0000] {subprocess.py:93} INFO -     from scraper.scrapers import scrape_all_sites
[2025-12-02T00:24:34.508+0000] {subprocess.py:93} INFO -   File "/opt/scraper/scrapers.py", line 23, in <module>
[2025-12-02T00:24:34.508+0000] {subprocess.py:93} INFO -     SITES = load_sites()
[2025-12-02T00:24:34.508+0000] {subprocess.py:93} INFO -   File "/opt/scraper/scrapers.py", line 20, in load_sites
[2025-12-02T00:24:34.508+0000] {subprocess.py:93} INFO -     with open(SITES_FILE, "r", encoding="utf-8") as f:
[2025-12-02T00:24:34.509+0000] {subprocess.py:93} INFO - FileNotFoundError: [Errno 2] No such file or directory: '/opt/scraper/sites.json'
[2025-12-02T00:24:34.552+0000] {subprocess.py:97} INFO - Command exited with return code 1
[2025-12-02T00:24:34.579+0000] {taskinstance.py:1935} ERROR - Task failed with exception
Traceback (most recent call last):
  File "/home/airflow/.local/lib/python3.8/site-packages/airflow/operators/bash.py", line 210, in execute
    raise AirflowException(
airflow.exceptions.AirflowException: Bash command failed. The command returned a non-zero exit code 1.
[2025-12-02T00:24:34.591+0000] {taskinstance.py:1398} INFO - Marking task as UP_FOR_RETRY. dag_id=mxkeys_price_monitor, task_id=run_scraper, execution_date=20251202T001929, start_date=20251202T002433, end_date=20251202T002434
[2025-12-02T00:24:34.625+0000] {standard_task_runner.py:104} ERROR - Failed to execute job 14 for task run_scraper (Bash command failed. The command returned a non-zero exit code 1.; 208)
[2025-12-02T00:24:34.644+0000] {local_task_job_runner.py:228} INFO - Task exited with return code 1
[2025-12-02T00:24:34.689+0000] {taskinstance.py:2776} INFO - 0 downstream tasks scheduled from follow-on schedule check
