[2025-12-02T00:19:31.168+0000] {taskinstance.py:1157} INFO - Dependencies all met for dep_context=non-requeueable deps ti=<TaskInstance: mxkeys_price_monitor.run_scraper manual__2025-12-02T00:19:29.338413+00:00 [queued]>
[2025-12-02T00:19:31.186+0000] {taskinstance.py:1157} INFO - Dependencies all met for dep_context=requeueable deps ti=<TaskInstance: mxkeys_price_monitor.run_scraper manual__2025-12-02T00:19:29.338413+00:00 [queued]>
[2025-12-02T00:19:31.187+0000] {taskinstance.py:1359} INFO - Starting attempt 1 of 3
[2025-12-02T00:19:31.215+0000] {taskinstance.py:1380} INFO - Executing <Task(BashOperator): run_scraper> on 2025-12-02 00:19:29.338413+00:00
[2025-12-02T00:19:31.223+0000] {standard_task_runner.py:57} INFO - Started process 1204 to run task
[2025-12-02T00:19:31.228+0000] {standard_task_runner.py:84} INFO - Running: ['***', 'tasks', 'run', 'mxkeys_price_monitor', 'run_scraper', 'manual__2025-12-02T00:19:29.338413+00:00', '--job-id', '11', '--raw', '--subdir', 'DAGS_FOLDER/mxkeys_price_dag.py', '--cfg-path', '/tmp/tmp4dtwapi4']
[2025-12-02T00:19:31.232+0000] {standard_task_runner.py:85} INFO - Job 11: Subtask run_scraper
[2025-12-02T00:19:31.335+0000] {task_command.py:415} INFO - Running <TaskInstance: mxkeys_price_monitor.run_scraper manual__2025-12-02T00:19:29.338413+00:00 [running]> on host fa0bb6e60ec6
[2025-12-02T00:19:31.494+0000] {taskinstance.py:1660} INFO - Exporting env vars: AIRFLOW_CTX_DAG_OWNER='rafael' AIRFLOW_CTX_DAG_ID='mxkeys_price_monitor' AIRFLOW_CTX_TASK_ID='run_scraper' AIRFLOW_CTX_EXECUTION_DATE='2025-12-02T00:19:29.338413+00:00' AIRFLOW_CTX_TRY_NUMBER='1' AIRFLOW_CTX_DAG_RUN_ID='manual__2025-12-02T00:19:29.338413+00:00'
[2025-12-02T00:19:31.496+0000] {subprocess.py:63} INFO - Tmp dir root location: /tmp
[2025-12-02T00:19:31.497+0000] {subprocess.py:75} INFO - Running command: ['/bin/bash', '-c', 'cd /opt && python -m scraper.main']
[2025-12-02T00:19:31.512+0000] {subprocess.py:86} INFO - Output:
[2025-12-02T00:19:32.091+0000] {subprocess.py:93} INFO - Traceback (most recent call last):
[2025-12-02T00:19:32.091+0000] {subprocess.py:93} INFO -   File "/usr/local/lib/python3.8/runpy.py", line 194, in _run_module_as_main
[2025-12-02T00:19:32.092+0000] {subprocess.py:93} INFO -     return _run_code(code, main_globals, None,
[2025-12-02T00:19:32.092+0000] {subprocess.py:93} INFO -   File "/usr/local/lib/python3.8/runpy.py", line 87, in _run_code
[2025-12-02T00:19:32.092+0000] {subprocess.py:93} INFO -     exec(code, run_globals)
[2025-12-02T00:19:32.093+0000] {subprocess.py:93} INFO -   File "/opt/scraper/main.py", line 7, in <module>
[2025-12-02T00:19:32.093+0000] {subprocess.py:93} INFO -     from scraper.scrapers import scrape_all_sites
[2025-12-02T00:19:32.093+0000] {subprocess.py:93} INFO -   File "/opt/scraper/scrapers.py", line 24
[2025-12-02T00:19:32.093+0000] {subprocess.py:93} INFO -     --------------------------------------------------
[2025-12-02T00:19:32.094+0000] {subprocess.py:93} INFO -                                                      ^
[2025-12-02T00:19:32.094+0000] {subprocess.py:93} INFO - SyntaxError: invalid syntax
[2025-12-02T00:19:32.117+0000] {subprocess.py:97} INFO - Command exited with return code 1
[2025-12-02T00:19:32.146+0000] {taskinstance.py:1935} ERROR - Task failed with exception
Traceback (most recent call last):
  File "/home/airflow/.local/lib/python3.8/site-packages/airflow/operators/bash.py", line 210, in execute
    raise AirflowException(
airflow.exceptions.AirflowException: Bash command failed. The command returned a non-zero exit code 1.
[2025-12-02T00:19:32.154+0000] {taskinstance.py:1398} INFO - Marking task as UP_FOR_RETRY. dag_id=mxkeys_price_monitor, task_id=run_scraper, execution_date=20251202T001929, start_date=20251202T001931, end_date=20251202T001932
[2025-12-02T00:19:32.190+0000] {standard_task_runner.py:104} ERROR - Failed to execute job 11 for task run_scraper (Bash command failed. The command returned a non-zero exit code 1.; 1204)
[2025-12-02T00:19:32.244+0000] {local_task_job_runner.py:228} INFO - Task exited with return code 1
[2025-12-02T00:19:32.301+0000] {taskinstance.py:2776} INFO - 0 downstream tasks scheduled from follow-on schedule check
