[2025-12-02T16:00:01.427+0000] {taskinstance.py:1157} INFO - Dependencies all met for dep_context=non-requeueable deps ti=<TaskInstance: mxkeys_price_monitor.run_scraper scheduled__2025-12-02T12:00:00+00:00 [queued]>
[2025-12-02T16:00:01.437+0000] {taskinstance.py:1157} INFO - Dependencies all met for dep_context=requeueable deps ti=<TaskInstance: mxkeys_price_monitor.run_scraper scheduled__2025-12-02T12:00:00+00:00 [queued]>
[2025-12-02T16:00:01.438+0000] {taskinstance.py:1359} INFO - Starting attempt 1 of 3
[2025-12-02T16:00:01.455+0000] {taskinstance.py:1380} INFO - Executing <Task(BashOperator): run_scraper> on 2025-12-02 12:00:00+00:00
[2025-12-02T16:00:01.462+0000] {standard_task_runner.py:57} INFO - Started process 741 to run task
[2025-12-02T16:00:01.466+0000] {standard_task_runner.py:84} INFO - Running: ['***', 'tasks', 'run', 'mxkeys_price_monitor', 'run_scraper', 'scheduled__2025-12-02T12:00:00+00:00', '--job-id', '10', '--raw', '--subdir', 'DAGS_FOLDER/mxkeys_price_dag.py', '--cfg-path', '/tmp/tmp2pm496yr']
[2025-12-02T16:00:01.470+0000] {standard_task_runner.py:85} INFO - Job 10: Subtask run_scraper
[2025-12-02T16:00:01.559+0000] {task_command.py:415} INFO - Running <TaskInstance: mxkeys_price_monitor.run_scraper scheduled__2025-12-02T12:00:00+00:00 [running]> on host 631406af00ce
[2025-12-02T16:00:01.698+0000] {taskinstance.py:1660} INFO - Exporting env vars: AIRFLOW_CTX_DAG_OWNER='rafael' AIRFLOW_CTX_DAG_ID='mxkeys_price_monitor' AIRFLOW_CTX_TASK_ID='run_scraper' AIRFLOW_CTX_EXECUTION_DATE='2025-12-02T12:00:00+00:00' AIRFLOW_CTX_TRY_NUMBER='1' AIRFLOW_CTX_DAG_RUN_ID='scheduled__2025-12-02T12:00:00+00:00'
[2025-12-02T16:00:01.700+0000] {subprocess.py:63} INFO - Tmp dir root location: /tmp
[2025-12-02T16:00:01.700+0000] {subprocess.py:75} INFO - Running command: ['/bin/bash', '-c', 'export MXKEYS_SITES_FILE=/opt/***/dags/sites.json && cd /opt && python -m scraper.main']
[2025-12-02T16:00:01.714+0000] {subprocess.py:86} INFO - Output:
[2025-12-02T16:00:41.912+0000] {subprocess.py:93} INFO - → Carregando sites de: /opt/***/dags/sites.json
[2025-12-02T16:00:41.913+0000] {subprocess.py:93} INFO - Coletando amazon: https://shre.ink/q3sy
[2025-12-02T16:00:41.913+0000] {subprocess.py:93} INFO - Buscando preço de amazon
[2025-12-02T16:00:41.914+0000] {subprocess.py:93} INFO - AMAZON SEM PREÇO — salvando HTML para debug…
[2025-12-02T16:00:41.914+0000] {subprocess.py:93} INFO - ERRO no scraping de amazon: [Errno 13] Permission denied: 'amazon_debug.html'
[2025-12-02T16:00:41.915+0000] {subprocess.py:93} INFO - Coletando mercadolivre: https://shre.ink/q3sz
[2025-12-02T16:00:41.915+0000] {subprocess.py:93} INFO - Buscando preço de mercadolivre
[2025-12-02T16:00:41.915+0000] {subprocess.py:93} INFO - Falhou API - tentando HTML
[2025-12-02T16:00:41.916+0000] {subprocess.py:93} INFO - Coletando magalu: hhttps://shre.ink/q3sN
[2025-12-02T16:00:41.916+0000] {subprocess.py:93} INFO - Buscando preço de magalu
[2025-12-02T16:00:41.916+0000] {subprocess.py:93} INFO - Erro ao buscar hhttps://shre.ink/q3sN: No connection adapters were found for 'hhttps://shre.ink/q3sN'
[2025-12-02T16:00:41.917+0000] {subprocess.py:93} INFO - ERRO no scraping de magalu: expected string or bytes-like object
[2025-12-02T16:00:41.917+0000] {subprocess.py:93} INFO - Coletando kabum: https://shre.ink/q3sO
[2025-12-02T16:00:41.917+0000] {subprocess.py:93} INFO - Buscando preço de kabum
[2025-12-02T16:00:41.918+0000] {subprocess.py:93} INFO - Coletando iplace: https://shre.ink/qhmu
[2025-12-02T16:00:41.918+0000] {subprocess.py:93} INFO - Buscando preço de iplace
[2025-12-02T16:00:41.918+0000] {subprocess.py:93} INFO - Coletando terabyte: https://shre.ink/qhm3
[2025-12-02T16:00:41.919+0000] {subprocess.py:93} INFO - Buscando preço de terabyte
[2025-12-02T16:00:41.919+0000] {subprocess.py:93} INFO - Erro ao buscar https://shre.ink/qhm3: 403 Client Error: Forbidden for url: https://www.terabyteshop.com.br/produto/28634/teclado-logitech-mx-keys-mini-sem-fio-iluminacao-smart-easy-switch-grafite-920-010505
[2025-12-02T16:00:41.919+0000] {subprocess.py:93} INFO - Coletando pichau: https://shre.ink/q3sE
[2025-12-02T16:00:41.920+0000] {subprocess.py:93} INFO - Buscando preço de pichau
[2025-12-02T16:00:41.920+0000] {subprocess.py:93} INFO - Erro ao buscar https://shre.ink/q3sE: 403 Client Error: Forbidden for url: https://www.pichau.com.br/teclado-sem-fio-logitech-mx-keys-mini-iluminacao-smart-easy-switch-grafite-920-010505
[2025-12-02T16:00:41.920+0000] {subprocess.py:93} INFO - Coletando kalunga: https://shre.ink/q3Wd
[2025-12-02T16:00:41.920+0000] {subprocess.py:93} INFO - Buscando preço de kalunga
[2025-12-02T16:00:41.921+0000] {subprocess.py:93} INFO - Coletando kabum_2: https://shre.ink/q3s6
[2025-12-02T16:00:41.921+0000] {subprocess.py:93} INFO - Buscando preço de kabum_2
[2025-12-02T16:00:41.921+0000] {subprocess.py:93} INFO - amazon: None
[2025-12-02T16:00:41.921+0000] {subprocess.py:93} INFO - Aviso: preço não encontrado para amazon — pulando.
[2025-12-02T16:00:41.922+0000] {subprocess.py:93} INFO - mercadolivre: 968.0
[2025-12-02T16:00:41.922+0000] {subprocess.py:93} INFO - magalu: None
[2025-12-02T16:00:41.922+0000] {subprocess.py:93} INFO - Aviso: preço não encontrado para magalu — pulando.
[2025-12-02T16:00:41.922+0000] {subprocess.py:93} INFO - kabum: None
[2025-12-02T16:00:41.923+0000] {subprocess.py:93} INFO - Aviso: preço não encontrado para kabum — pulando.
[2025-12-02T16:00:41.923+0000] {subprocess.py:93} INFO - iplace: None
[2025-12-02T16:00:41.923+0000] {subprocess.py:93} INFO - Aviso: preço não encontrado para iplace — pulando.
[2025-12-02T16:00:41.924+0000] {subprocess.py:93} INFO - terabyte: None
[2025-12-02T16:00:41.924+0000] {subprocess.py:93} INFO - Aviso: preço não encontrado para terabyte — pulando.
[2025-12-02T16:00:41.924+0000] {subprocess.py:93} INFO - pichau: None
[2025-12-02T16:00:41.924+0000] {subprocess.py:93} INFO - Aviso: preço não encontrado para pichau — pulando.
[2025-12-02T16:00:41.925+0000] {subprocess.py:93} INFO - kalunga: 859.9
[2025-12-02T16:00:41.925+0000] {subprocess.py:93} INFO - kabum_2: 799.99
[2025-12-02T16:00:41.970+0000] {subprocess.py:97} INFO - Command exited with return code 0
[2025-12-02T16:00:42.035+0000] {taskinstance.py:1398} INFO - Marking task as SUCCESS. dag_id=mxkeys_price_monitor, task_id=run_scraper, execution_date=20251202T120000, start_date=20251202T160001, end_date=20251202T160042
[2025-12-02T16:00:42.066+0000] {local_task_job_runner.py:228} INFO - Task exited with return code 0
[2025-12-02T16:00:42.096+0000] {taskinstance.py:2776} INFO - 0 downstream tasks scheduled from follow-on schedule check
