[2025-12-01T23:45:59.026+0000] {processor.py:157} INFO - Started process (PID=857) to work on /opt/airflow/dags/mxkeys_price_dag.py
[2025-12-01T23:45:59.027+0000] {processor.py:829} INFO - Processing file /opt/airflow/dags/mxkeys_price_dag.py for tasks to queue
[2025-12-01T23:45:59.030+0000] {logging_mixin.py:151} INFO - [2025-12-01T23:45:59.029+0000] {dagbag.py:539} INFO - Filling up the DagBag from /opt/airflow/dags/mxkeys_price_dag.py
[2025-12-01T23:45:59.132+0000] {processor.py:839} INFO - DAG(s) dict_keys(['mxkeys_price_monitor']) retrieved from /opt/airflow/dags/mxkeys_price_dag.py
[2025-12-01T23:45:59.256+0000] {logging_mixin.py:151} INFO - [2025-12-01T23:45:59.256+0000] {dag.py:2915} INFO - Sync 1 DAGs
[2025-12-01T23:45:59.420+0000] {logging_mixin.py:151} INFO - [2025-12-01T23:45:59.419+0000] {dag.py:3696} INFO - Setting next_dagrun for mxkeys_price_monitor to 2025-12-01T16:00:00+00:00, run_after=2025-12-01T20:00:00+00:00
[2025-12-01T23:45:59.590+0000] {processor.py:179} INFO - Processing /opt/airflow/dags/mxkeys_price_dag.py took 0.573 seconds
[2025-12-01T23:46:29.844+0000] {processor.py:157} INFO - Started process (PID=870) to work on /opt/airflow/dags/mxkeys_price_dag.py
[2025-12-01T23:46:29.845+0000] {processor.py:829} INFO - Processing file /opt/airflow/dags/mxkeys_price_dag.py for tasks to queue
[2025-12-01T23:46:29.846+0000] {logging_mixin.py:151} INFO - [2025-12-01T23:46:29.846+0000] {dagbag.py:539} INFO - Filling up the DagBag from /opt/airflow/dags/mxkeys_price_dag.py
[2025-12-01T23:46:29.864+0000] {processor.py:839} INFO - DAG(s) dict_keys(['mxkeys_price_monitor']) retrieved from /opt/airflow/dags/mxkeys_price_dag.py
[2025-12-01T23:46:29.907+0000] {logging_mixin.py:151} INFO - [2025-12-01T23:46:29.907+0000] {dag.py:2915} INFO - Sync 1 DAGs
[2025-12-01T23:46:29.945+0000] {logging_mixin.py:151} INFO - [2025-12-01T23:46:29.944+0000] {dag.py:3696} INFO - Setting next_dagrun for mxkeys_price_monitor to 2025-12-01T20:00:00+00:00, run_after=2025-12-02T00:00:00+00:00
[2025-12-01T23:46:29.971+0000] {processor.py:179} INFO - Processing /opt/airflow/dags/mxkeys_price_dag.py took 0.132 seconds
[2025-12-01T23:47:00.073+0000] {processor.py:157} INFO - Started process (PID=875) to work on /opt/airflow/dags/mxkeys_price_dag.py
[2025-12-01T23:47:00.074+0000] {processor.py:829} INFO - Processing file /opt/airflow/dags/mxkeys_price_dag.py for tasks to queue
[2025-12-01T23:47:00.075+0000] {logging_mixin.py:151} INFO - [2025-12-01T23:47:00.074+0000] {dagbag.py:539} INFO - Filling up the DagBag from /opt/airflow/dags/mxkeys_price_dag.py
[2025-12-01T23:47:00.092+0000] {processor.py:839} INFO - DAG(s) dict_keys(['mxkeys_price_monitor']) retrieved from /opt/airflow/dags/mxkeys_price_dag.py
[2025-12-01T23:47:00.134+0000] {logging_mixin.py:151} INFO - [2025-12-01T23:47:00.133+0000] {dag.py:2915} INFO - Sync 1 DAGs
[2025-12-01T23:47:00.171+0000] {logging_mixin.py:151} INFO - [2025-12-01T23:47:00.171+0000] {dag.py:3696} INFO - Setting next_dagrun for mxkeys_price_monitor to 2025-12-01T20:00:00+00:00, run_after=2025-12-02T00:00:00+00:00
[2025-12-01T23:47:00.199+0000] {processor.py:179} INFO - Processing /opt/airflow/dags/mxkeys_price_dag.py took 0.131 seconds
[2025-12-01T23:47:30.355+0000] {processor.py:157} INFO - Started process (PID=880) to work on /opt/airflow/dags/mxkeys_price_dag.py
[2025-12-01T23:47:30.355+0000] {processor.py:829} INFO - Processing file /opt/airflow/dags/mxkeys_price_dag.py for tasks to queue
[2025-12-01T23:47:30.356+0000] {logging_mixin.py:151} INFO - [2025-12-01T23:47:30.356+0000] {dagbag.py:539} INFO - Filling up the DagBag from /opt/airflow/dags/mxkeys_price_dag.py
[2025-12-01T23:47:30.371+0000] {processor.py:839} INFO - DAG(s) dict_keys(['mxkeys_price_monitor']) retrieved from /opt/airflow/dags/mxkeys_price_dag.py
[2025-12-01T23:47:30.410+0000] {logging_mixin.py:151} INFO - [2025-12-01T23:47:30.410+0000] {dag.py:2915} INFO - Sync 1 DAGs
[2025-12-01T23:47:30.443+0000] {logging_mixin.py:151} INFO - [2025-12-01T23:47:30.443+0000] {dag.py:3696} INFO - Setting next_dagrun for mxkeys_price_monitor to 2025-12-01T20:00:00+00:00, run_after=2025-12-02T00:00:00+00:00
[2025-12-01T23:47:30.478+0000] {processor.py:179} INFO - Processing /opt/airflow/dags/mxkeys_price_dag.py took 0.128 seconds
[2025-12-01T23:48:00.560+0000] {processor.py:157} INFO - Started process (PID=885) to work on /opt/airflow/dags/mxkeys_price_dag.py
[2025-12-01T23:48:00.562+0000] {processor.py:829} INFO - Processing file /opt/airflow/dags/mxkeys_price_dag.py for tasks to queue
[2025-12-01T23:48:00.563+0000] {logging_mixin.py:151} INFO - [2025-12-01T23:48:00.562+0000] {dagbag.py:539} INFO - Filling up the DagBag from /opt/airflow/dags/mxkeys_price_dag.py
[2025-12-01T23:48:00.583+0000] {processor.py:839} INFO - DAG(s) dict_keys(['mxkeys_price_monitor']) retrieved from /opt/airflow/dags/mxkeys_price_dag.py
[2025-12-01T23:48:00.624+0000] {logging_mixin.py:151} INFO - [2025-12-01T23:48:00.624+0000] {dag.py:2915} INFO - Sync 1 DAGs
[2025-12-01T23:48:00.661+0000] {logging_mixin.py:151} INFO - [2025-12-01T23:48:00.661+0000] {dag.py:3696} INFO - Setting next_dagrun for mxkeys_price_monitor to 2025-12-01T20:00:00+00:00, run_after=2025-12-02T00:00:00+00:00
[2025-12-01T23:48:00.690+0000] {processor.py:179} INFO - Processing /opt/airflow/dags/mxkeys_price_dag.py took 0.137 seconds
[2025-12-01T23:48:30.847+0000] {processor.py:157} INFO - Started process (PID=890) to work on /opt/airflow/dags/mxkeys_price_dag.py
[2025-12-01T23:48:30.848+0000] {processor.py:829} INFO - Processing file /opt/airflow/dags/mxkeys_price_dag.py for tasks to queue
[2025-12-01T23:48:30.849+0000] {logging_mixin.py:151} INFO - [2025-12-01T23:48:30.849+0000] {dagbag.py:539} INFO - Filling up the DagBag from /opt/airflow/dags/mxkeys_price_dag.py
[2025-12-01T23:48:30.869+0000] {processor.py:839} INFO - DAG(s) dict_keys(['mxkeys_price_monitor']) retrieved from /opt/airflow/dags/mxkeys_price_dag.py
[2025-12-01T23:48:30.911+0000] {logging_mixin.py:151} INFO - [2025-12-01T23:48:30.910+0000] {dag.py:2915} INFO - Sync 1 DAGs
[2025-12-01T23:48:30.944+0000] {logging_mixin.py:151} INFO - [2025-12-01T23:48:30.944+0000] {dag.py:3696} INFO - Setting next_dagrun for mxkeys_price_monitor to 2025-12-01T20:00:00+00:00, run_after=2025-12-02T00:00:00+00:00
[2025-12-01T23:48:30.971+0000] {processor.py:179} INFO - Processing /opt/airflow/dags/mxkeys_price_dag.py took 0.129 seconds
[2025-12-01T23:49:01.100+0000] {processor.py:157} INFO - Started process (PID=895) to work on /opt/airflow/dags/mxkeys_price_dag.py
[2025-12-01T23:49:01.102+0000] {processor.py:829} INFO - Processing file /opt/airflow/dags/mxkeys_price_dag.py for tasks to queue
[2025-12-01T23:49:01.104+0000] {logging_mixin.py:151} INFO - [2025-12-01T23:49:01.103+0000] {dagbag.py:539} INFO - Filling up the DagBag from /opt/airflow/dags/mxkeys_price_dag.py
[2025-12-01T23:49:01.123+0000] {processor.py:839} INFO - DAG(s) dict_keys(['mxkeys_price_monitor']) retrieved from /opt/airflow/dags/mxkeys_price_dag.py
[2025-12-01T23:49:01.161+0000] {logging_mixin.py:151} INFO - [2025-12-01T23:49:01.160+0000] {dag.py:2915} INFO - Sync 1 DAGs
[2025-12-01T23:49:01.194+0000] {logging_mixin.py:151} INFO - [2025-12-01T23:49:01.194+0000] {dag.py:3696} INFO - Setting next_dagrun for mxkeys_price_monitor to 2025-12-01T20:00:00+00:00, run_after=2025-12-02T00:00:00+00:00
[2025-12-01T23:49:01.224+0000] {processor.py:179} INFO - Processing /opt/airflow/dags/mxkeys_price_dag.py took 0.129 seconds
[2025-12-01T23:49:31.401+0000] {processor.py:157} INFO - Started process (PID=900) to work on /opt/airflow/dags/mxkeys_price_dag.py
[2025-12-01T23:49:31.402+0000] {processor.py:829} INFO - Processing file /opt/airflow/dags/mxkeys_price_dag.py for tasks to queue
[2025-12-01T23:49:31.404+0000] {logging_mixin.py:151} INFO - [2025-12-01T23:49:31.403+0000] {dagbag.py:539} INFO - Filling up the DagBag from /opt/airflow/dags/mxkeys_price_dag.py
[2025-12-01T23:49:31.424+0000] {processor.py:839} INFO - DAG(s) dict_keys(['mxkeys_price_monitor']) retrieved from /opt/airflow/dags/mxkeys_price_dag.py
[2025-12-01T23:49:31.478+0000] {logging_mixin.py:151} INFO - [2025-12-01T23:49:31.478+0000] {dag.py:2915} INFO - Sync 1 DAGs
[2025-12-01T23:49:31.523+0000] {logging_mixin.py:151} INFO - [2025-12-01T23:49:31.522+0000] {dag.py:3696} INFO - Setting next_dagrun for mxkeys_price_monitor to 2025-12-01T20:00:00+00:00, run_after=2025-12-02T00:00:00+00:00
[2025-12-01T23:49:31.564+0000] {processor.py:179} INFO - Processing /opt/airflow/dags/mxkeys_price_dag.py took 0.171 seconds
[2025-12-01T23:50:01.636+0000] {processor.py:157} INFO - Started process (PID=905) to work on /opt/airflow/dags/mxkeys_price_dag.py
[2025-12-01T23:50:01.638+0000] {processor.py:829} INFO - Processing file /opt/airflow/dags/mxkeys_price_dag.py for tasks to queue
[2025-12-01T23:50:01.639+0000] {logging_mixin.py:151} INFO - [2025-12-01T23:50:01.639+0000] {dagbag.py:539} INFO - Filling up the DagBag from /opt/airflow/dags/mxkeys_price_dag.py
[2025-12-01T23:50:01.658+0000] {processor.py:839} INFO - DAG(s) dict_keys(['mxkeys_price_monitor']) retrieved from /opt/airflow/dags/mxkeys_price_dag.py
[2025-12-01T23:50:01.701+0000] {logging_mixin.py:151} INFO - [2025-12-01T23:50:01.701+0000] {dag.py:2915} INFO - Sync 1 DAGs
[2025-12-01T23:50:01.740+0000] {logging_mixin.py:151} INFO - [2025-12-01T23:50:01.739+0000] {dag.py:3696} INFO - Setting next_dagrun for mxkeys_price_monitor to 2025-12-01T20:00:00+00:00, run_after=2025-12-02T00:00:00+00:00
[2025-12-01T23:50:01.767+0000] {processor.py:179} INFO - Processing /opt/airflow/dags/mxkeys_price_dag.py took 0.136 seconds
[2025-12-01T23:50:31.993+0000] {processor.py:157} INFO - Started process (PID=910) to work on /opt/airflow/dags/mxkeys_price_dag.py
[2025-12-01T23:50:31.994+0000] {processor.py:829} INFO - Processing file /opt/airflow/dags/mxkeys_price_dag.py for tasks to queue
[2025-12-01T23:50:31.995+0000] {logging_mixin.py:151} INFO - [2025-12-01T23:50:31.995+0000] {dagbag.py:539} INFO - Filling up the DagBag from /opt/airflow/dags/mxkeys_price_dag.py
[2025-12-01T23:50:32.015+0000] {processor.py:839} INFO - DAG(s) dict_keys(['mxkeys_price_monitor']) retrieved from /opt/airflow/dags/mxkeys_price_dag.py
[2025-12-01T23:50:32.054+0000] {logging_mixin.py:151} INFO - [2025-12-01T23:50:32.054+0000] {dag.py:2915} INFO - Sync 1 DAGs
[2025-12-01T23:50:32.087+0000] {logging_mixin.py:151} INFO - [2025-12-01T23:50:32.087+0000] {dag.py:3696} INFO - Setting next_dagrun for mxkeys_price_monitor to 2025-12-01T20:00:00+00:00, run_after=2025-12-02T00:00:00+00:00
[2025-12-01T23:50:32.117+0000] {processor.py:179} INFO - Processing /opt/airflow/dags/mxkeys_price_dag.py took 0.131 seconds
[2025-12-01T23:51:02.179+0000] {processor.py:157} INFO - Started process (PID=915) to work on /opt/airflow/dags/mxkeys_price_dag.py
[2025-12-01T23:51:02.181+0000] {processor.py:829} INFO - Processing file /opt/airflow/dags/mxkeys_price_dag.py for tasks to queue
[2025-12-01T23:51:02.182+0000] {logging_mixin.py:151} INFO - [2025-12-01T23:51:02.182+0000] {dagbag.py:539} INFO - Filling up the DagBag from /opt/airflow/dags/mxkeys_price_dag.py
[2025-12-01T23:51:02.199+0000] {processor.py:839} INFO - DAG(s) dict_keys(['mxkeys_price_monitor']) retrieved from /opt/airflow/dags/mxkeys_price_dag.py
[2025-12-01T23:51:02.242+0000] {logging_mixin.py:151} INFO - [2025-12-01T23:51:02.242+0000] {dag.py:2915} INFO - Sync 1 DAGs
[2025-12-01T23:51:02.276+0000] {logging_mixin.py:151} INFO - [2025-12-01T23:51:02.276+0000] {dag.py:3696} INFO - Setting next_dagrun for mxkeys_price_monitor to 2025-12-01T20:00:00+00:00, run_after=2025-12-02T00:00:00+00:00
[2025-12-01T23:51:02.305+0000] {processor.py:179} INFO - Processing /opt/airflow/dags/mxkeys_price_dag.py took 0.130 seconds
[2025-12-01T23:51:32.535+0000] {processor.py:157} INFO - Started process (PID=920) to work on /opt/airflow/dags/mxkeys_price_dag.py
[2025-12-01T23:51:32.536+0000] {processor.py:829} INFO - Processing file /opt/airflow/dags/mxkeys_price_dag.py for tasks to queue
[2025-12-01T23:51:32.537+0000] {logging_mixin.py:151} INFO - [2025-12-01T23:51:32.537+0000] {dagbag.py:539} INFO - Filling up the DagBag from /opt/airflow/dags/mxkeys_price_dag.py
[2025-12-01T23:51:32.553+0000] {processor.py:839} INFO - DAG(s) dict_keys(['mxkeys_price_monitor']) retrieved from /opt/airflow/dags/mxkeys_price_dag.py
[2025-12-01T23:51:32.598+0000] {logging_mixin.py:151} INFO - [2025-12-01T23:51:32.598+0000] {dag.py:2915} INFO - Sync 1 DAGs
[2025-12-01T23:51:32.633+0000] {logging_mixin.py:151} INFO - [2025-12-01T23:51:32.633+0000] {dag.py:3696} INFO - Setting next_dagrun for mxkeys_price_monitor to 2025-12-01T20:00:00+00:00, run_after=2025-12-02T00:00:00+00:00
[2025-12-01T23:51:32.661+0000] {processor.py:179} INFO - Processing /opt/airflow/dags/mxkeys_price_dag.py took 0.133 seconds
[2025-12-01T23:52:02.753+0000] {processor.py:157} INFO - Started process (PID=925) to work on /opt/airflow/dags/mxkeys_price_dag.py
[2025-12-01T23:52:02.755+0000] {processor.py:829} INFO - Processing file /opt/airflow/dags/mxkeys_price_dag.py for tasks to queue
[2025-12-01T23:52:02.756+0000] {logging_mixin.py:151} INFO - [2025-12-01T23:52:02.755+0000] {dagbag.py:539} INFO - Filling up the DagBag from /opt/airflow/dags/mxkeys_price_dag.py
[2025-12-01T23:52:02.779+0000] {processor.py:839} INFO - DAG(s) dict_keys(['mxkeys_price_monitor']) retrieved from /opt/airflow/dags/mxkeys_price_dag.py
[2025-12-01T23:52:02.823+0000] {logging_mixin.py:151} INFO - [2025-12-01T23:52:02.822+0000] {dag.py:2915} INFO - Sync 1 DAGs
[2025-12-01T23:52:02.858+0000] {logging_mixin.py:151} INFO - [2025-12-01T23:52:02.858+0000] {dag.py:3696} INFO - Setting next_dagrun for mxkeys_price_monitor to 2025-12-01T20:00:00+00:00, run_after=2025-12-02T00:00:00+00:00
[2025-12-01T23:52:02.889+0000] {processor.py:179} INFO - Processing /opt/airflow/dags/mxkeys_price_dag.py took 0.143 seconds
[2025-12-01T23:52:33.086+0000] {processor.py:157} INFO - Started process (PID=930) to work on /opt/airflow/dags/mxkeys_price_dag.py
[2025-12-01T23:52:33.087+0000] {processor.py:829} INFO - Processing file /opt/airflow/dags/mxkeys_price_dag.py for tasks to queue
[2025-12-01T23:52:33.088+0000] {logging_mixin.py:151} INFO - [2025-12-01T23:52:33.087+0000] {dagbag.py:539} INFO - Filling up the DagBag from /opt/airflow/dags/mxkeys_price_dag.py
[2025-12-01T23:52:33.104+0000] {processor.py:839} INFO - DAG(s) dict_keys(['mxkeys_price_monitor']) retrieved from /opt/airflow/dags/mxkeys_price_dag.py
[2025-12-01T23:52:33.144+0000] {logging_mixin.py:151} INFO - [2025-12-01T23:52:33.144+0000] {dag.py:2915} INFO - Sync 1 DAGs
[2025-12-01T23:52:33.180+0000] {logging_mixin.py:151} INFO - [2025-12-01T23:52:33.179+0000] {dag.py:3696} INFO - Setting next_dagrun for mxkeys_price_monitor to 2025-12-01T20:00:00+00:00, run_after=2025-12-02T00:00:00+00:00
[2025-12-01T23:52:33.208+0000] {processor.py:179} INFO - Processing /opt/airflow/dags/mxkeys_price_dag.py took 0.127 seconds
[2025-12-01T23:53:03.326+0000] {processor.py:157} INFO - Started process (PID=935) to work on /opt/airflow/dags/mxkeys_price_dag.py
[2025-12-01T23:53:03.330+0000] {processor.py:829} INFO - Processing file /opt/airflow/dags/mxkeys_price_dag.py for tasks to queue
[2025-12-01T23:53:03.331+0000] {logging_mixin.py:151} INFO - [2025-12-01T23:53:03.331+0000] {dagbag.py:539} INFO - Filling up the DagBag from /opt/airflow/dags/mxkeys_price_dag.py
[2025-12-01T23:53:03.349+0000] {processor.py:839} INFO - DAG(s) dict_keys(['mxkeys_price_monitor']) retrieved from /opt/airflow/dags/mxkeys_price_dag.py
[2025-12-01T23:53:03.392+0000] {logging_mixin.py:151} INFO - [2025-12-01T23:53:03.391+0000] {dag.py:2915} INFO - Sync 1 DAGs
[2025-12-01T23:53:03.427+0000] {logging_mixin.py:151} INFO - [2025-12-01T23:53:03.427+0000] {dag.py:3696} INFO - Setting next_dagrun for mxkeys_price_monitor to 2025-12-01T20:00:00+00:00, run_after=2025-12-02T00:00:00+00:00
[2025-12-01T23:53:03.456+0000] {processor.py:179} INFO - Processing /opt/airflow/dags/mxkeys_price_dag.py took 0.135 seconds
[2025-12-01T23:53:33.576+0000] {processor.py:157} INFO - Started process (PID=940) to work on /opt/airflow/dags/mxkeys_price_dag.py
[2025-12-01T23:53:33.577+0000] {processor.py:829} INFO - Processing file /opt/airflow/dags/mxkeys_price_dag.py for tasks to queue
[2025-12-01T23:53:33.577+0000] {logging_mixin.py:151} INFO - [2025-12-01T23:53:33.577+0000] {dagbag.py:539} INFO - Filling up the DagBag from /opt/airflow/dags/mxkeys_price_dag.py
[2025-12-01T23:53:33.594+0000] {processor.py:839} INFO - DAG(s) dict_keys(['mxkeys_price_monitor']) retrieved from /opt/airflow/dags/mxkeys_price_dag.py
[2025-12-01T23:53:33.634+0000] {logging_mixin.py:151} INFO - [2025-12-01T23:53:33.633+0000] {dag.py:2915} INFO - Sync 1 DAGs
[2025-12-01T23:53:33.669+0000] {logging_mixin.py:151} INFO - [2025-12-01T23:53:33.669+0000] {dag.py:3696} INFO - Setting next_dagrun for mxkeys_price_monitor to 2025-12-01T20:00:00+00:00, run_after=2025-12-02T00:00:00+00:00
[2025-12-01T23:53:33.699+0000] {processor.py:179} INFO - Processing /opt/airflow/dags/mxkeys_price_dag.py took 0.129 seconds
[2025-12-01T23:54:03.886+0000] {processor.py:157} INFO - Started process (PID=945) to work on /opt/airflow/dags/mxkeys_price_dag.py
[2025-12-01T23:54:03.890+0000] {processor.py:829} INFO - Processing file /opt/airflow/dags/mxkeys_price_dag.py for tasks to queue
[2025-12-01T23:54:03.891+0000] {logging_mixin.py:151} INFO - [2025-12-01T23:54:03.891+0000] {dagbag.py:539} INFO - Filling up the DagBag from /opt/airflow/dags/mxkeys_price_dag.py
[2025-12-01T23:54:03.910+0000] {processor.py:839} INFO - DAG(s) dict_keys(['mxkeys_price_monitor']) retrieved from /opt/airflow/dags/mxkeys_price_dag.py
[2025-12-01T23:54:03.953+0000] {logging_mixin.py:151} INFO - [2025-12-01T23:54:03.953+0000] {dag.py:2915} INFO - Sync 1 DAGs
[2025-12-01T23:54:03.988+0000] {logging_mixin.py:151} INFO - [2025-12-01T23:54:03.987+0000] {dag.py:3696} INFO - Setting next_dagrun for mxkeys_price_monitor to 2025-12-01T20:00:00+00:00, run_after=2025-12-02T00:00:00+00:00
[2025-12-01T23:54:04.019+0000] {processor.py:179} INFO - Processing /opt/airflow/dags/mxkeys_price_dag.py took 0.138 seconds
[2025-12-01T23:54:34.112+0000] {processor.py:157} INFO - Started process (PID=950) to work on /opt/airflow/dags/mxkeys_price_dag.py
[2025-12-01T23:54:34.113+0000] {processor.py:829} INFO - Processing file /opt/airflow/dags/mxkeys_price_dag.py for tasks to queue
[2025-12-01T23:54:34.114+0000] {logging_mixin.py:151} INFO - [2025-12-01T23:54:34.114+0000] {dagbag.py:539} INFO - Filling up the DagBag from /opt/airflow/dags/mxkeys_price_dag.py
[2025-12-01T23:54:34.131+0000] {processor.py:839} INFO - DAG(s) dict_keys(['mxkeys_price_monitor']) retrieved from /opt/airflow/dags/mxkeys_price_dag.py
[2025-12-01T23:54:34.171+0000] {logging_mixin.py:151} INFO - [2025-12-01T23:54:34.170+0000] {dag.py:2915} INFO - Sync 1 DAGs
[2025-12-01T23:54:34.203+0000] {logging_mixin.py:151} INFO - [2025-12-01T23:54:34.203+0000] {dag.py:3696} INFO - Setting next_dagrun for mxkeys_price_monitor to 2025-12-01T20:00:00+00:00, run_after=2025-12-02T00:00:00+00:00
[2025-12-01T23:54:34.236+0000] {processor.py:179} INFO - Processing /opt/airflow/dags/mxkeys_price_dag.py took 0.129 seconds
[2025-12-01T23:55:04.445+0000] {processor.py:157} INFO - Started process (PID=955) to work on /opt/airflow/dags/mxkeys_price_dag.py
[2025-12-01T23:55:04.449+0000] {processor.py:829} INFO - Processing file /opt/airflow/dags/mxkeys_price_dag.py for tasks to queue
[2025-12-01T23:55:04.451+0000] {logging_mixin.py:151} INFO - [2025-12-01T23:55:04.450+0000] {dagbag.py:539} INFO - Filling up the DagBag from /opt/airflow/dags/mxkeys_price_dag.py
[2025-12-01T23:55:04.469+0000] {processor.py:839} INFO - DAG(s) dict_keys(['mxkeys_price_monitor']) retrieved from /opt/airflow/dags/mxkeys_price_dag.py
[2025-12-01T23:55:04.511+0000] {logging_mixin.py:151} INFO - [2025-12-01T23:55:04.511+0000] {dag.py:2915} INFO - Sync 1 DAGs
[2025-12-01T23:55:04.546+0000] {logging_mixin.py:151} INFO - [2025-12-01T23:55:04.546+0000] {dag.py:3696} INFO - Setting next_dagrun for mxkeys_price_monitor to 2025-12-01T20:00:00+00:00, run_after=2025-12-02T00:00:00+00:00
[2025-12-01T23:55:04.578+0000] {processor.py:179} INFO - Processing /opt/airflow/dags/mxkeys_price_dag.py took 0.139 seconds
[2025-12-01T23:55:34.636+0000] {processor.py:157} INFO - Started process (PID=960) to work on /opt/airflow/dags/mxkeys_price_dag.py
[2025-12-01T23:55:34.637+0000] {processor.py:829} INFO - Processing file /opt/airflow/dags/mxkeys_price_dag.py for tasks to queue
[2025-12-01T23:55:34.638+0000] {logging_mixin.py:151} INFO - [2025-12-01T23:55:34.637+0000] {dagbag.py:539} INFO - Filling up the DagBag from /opt/airflow/dags/mxkeys_price_dag.py
[2025-12-01T23:55:34.654+0000] {processor.py:839} INFO - DAG(s) dict_keys(['mxkeys_price_monitor']) retrieved from /opt/airflow/dags/mxkeys_price_dag.py
[2025-12-01T23:55:34.695+0000] {logging_mixin.py:151} INFO - [2025-12-01T23:55:34.695+0000] {dag.py:2915} INFO - Sync 1 DAGs
[2025-12-01T23:55:34.732+0000] {logging_mixin.py:151} INFO - [2025-12-01T23:55:34.732+0000] {dag.py:3696} INFO - Setting next_dagrun for mxkeys_price_monitor to 2025-12-01T20:00:00+00:00, run_after=2025-12-02T00:00:00+00:00
[2025-12-01T23:55:34.764+0000] {processor.py:179} INFO - Processing /opt/airflow/dags/mxkeys_price_dag.py took 0.133 seconds
[2025-12-01T23:56:05.005+0000] {processor.py:157} INFO - Started process (PID=965) to work on /opt/airflow/dags/mxkeys_price_dag.py
[2025-12-01T23:56:05.008+0000] {processor.py:829} INFO - Processing file /opt/airflow/dags/mxkeys_price_dag.py for tasks to queue
[2025-12-01T23:56:05.010+0000] {logging_mixin.py:151} INFO - [2025-12-01T23:56:05.009+0000] {dagbag.py:539} INFO - Filling up the DagBag from /opt/airflow/dags/mxkeys_price_dag.py
[2025-12-01T23:56:05.028+0000] {processor.py:839} INFO - DAG(s) dict_keys(['mxkeys_price_monitor']) retrieved from /opt/airflow/dags/mxkeys_price_dag.py
[2025-12-01T23:56:05.085+0000] {logging_mixin.py:151} INFO - [2025-12-01T23:56:05.085+0000] {dag.py:2915} INFO - Sync 1 DAGs
[2025-12-01T23:56:05.137+0000] {logging_mixin.py:151} INFO - [2025-12-01T23:56:05.136+0000] {dag.py:3696} INFO - Setting next_dagrun for mxkeys_price_monitor to 2025-12-01T20:00:00+00:00, run_after=2025-12-02T00:00:00+00:00
[2025-12-01T23:56:05.172+0000] {processor.py:179} INFO - Processing /opt/airflow/dags/mxkeys_price_dag.py took 0.171 seconds
[2025-12-01T23:56:35.373+0000] {processor.py:157} INFO - Started process (PID=970) to work on /opt/airflow/dags/mxkeys_price_dag.py
[2025-12-01T23:56:35.374+0000] {processor.py:829} INFO - Processing file /opt/airflow/dags/mxkeys_price_dag.py for tasks to queue
[2025-12-01T23:56:35.375+0000] {logging_mixin.py:151} INFO - [2025-12-01T23:56:35.375+0000] {dagbag.py:539} INFO - Filling up the DagBag from /opt/airflow/dags/mxkeys_price_dag.py
[2025-12-01T23:56:35.392+0000] {processor.py:839} INFO - DAG(s) dict_keys(['mxkeys_price_monitor']) retrieved from /opt/airflow/dags/mxkeys_price_dag.py
[2025-12-01T23:56:35.432+0000] {logging_mixin.py:151} INFO - [2025-12-01T23:56:35.432+0000] {dag.py:2915} INFO - Sync 1 DAGs
[2025-12-01T23:56:35.465+0000] {logging_mixin.py:151} INFO - [2025-12-01T23:56:35.465+0000] {dag.py:3696} INFO - Setting next_dagrun for mxkeys_price_monitor to 2025-12-01T20:00:00+00:00, run_after=2025-12-02T00:00:00+00:00
[2025-12-01T23:56:35.495+0000] {processor.py:179} INFO - Processing /opt/airflow/dags/mxkeys_price_dag.py took 0.127 seconds
[2025-12-01T23:57:05.578+0000] {processor.py:157} INFO - Started process (PID=975) to work on /opt/airflow/dags/mxkeys_price_dag.py
[2025-12-01T23:57:05.580+0000] {processor.py:829} INFO - Processing file /opt/airflow/dags/mxkeys_price_dag.py for tasks to queue
[2025-12-01T23:57:05.581+0000] {logging_mixin.py:151} INFO - [2025-12-01T23:57:05.581+0000] {dagbag.py:539} INFO - Filling up the DagBag from /opt/airflow/dags/mxkeys_price_dag.py
[2025-12-01T23:57:05.604+0000] {processor.py:839} INFO - DAG(s) dict_keys(['mxkeys_price_monitor']) retrieved from /opt/airflow/dags/mxkeys_price_dag.py
[2025-12-01T23:57:05.677+0000] {logging_mixin.py:151} INFO - [2025-12-01T23:57:05.676+0000] {dag.py:2915} INFO - Sync 1 DAGs
[2025-12-01T23:57:05.742+0000] {logging_mixin.py:151} INFO - [2025-12-01T23:57:05.742+0000] {dag.py:3696} INFO - Setting next_dagrun for mxkeys_price_monitor to 2025-12-01T20:00:00+00:00, run_after=2025-12-02T00:00:00+00:00
[2025-12-01T23:57:05.784+0000] {processor.py:179} INFO - Processing /opt/airflow/dags/mxkeys_price_dag.py took 0.210 seconds
[2025-12-01T23:57:35.889+0000] {processor.py:157} INFO - Started process (PID=980) to work on /opt/airflow/dags/mxkeys_price_dag.py
[2025-12-01T23:57:35.890+0000] {processor.py:829} INFO - Processing file /opt/airflow/dags/mxkeys_price_dag.py for tasks to queue
[2025-12-01T23:57:35.892+0000] {logging_mixin.py:151} INFO - [2025-12-01T23:57:35.891+0000] {dagbag.py:539} INFO - Filling up the DagBag from /opt/airflow/dags/mxkeys_price_dag.py
[2025-12-01T23:57:35.909+0000] {processor.py:839} INFO - DAG(s) dict_keys(['mxkeys_price_monitor']) retrieved from /opt/airflow/dags/mxkeys_price_dag.py
[2025-12-01T23:57:35.947+0000] {logging_mixin.py:151} INFO - [2025-12-01T23:57:35.947+0000] {dag.py:2915} INFO - Sync 1 DAGs
[2025-12-01T23:57:35.987+0000] {logging_mixin.py:151} INFO - [2025-12-01T23:57:35.987+0000] {dag.py:3696} INFO - Setting next_dagrun for mxkeys_price_monitor to 2025-12-01T20:00:00+00:00, run_after=2025-12-02T00:00:00+00:00
[2025-12-01T23:57:36.021+0000] {processor.py:179} INFO - Processing /opt/airflow/dags/mxkeys_price_dag.py took 0.138 seconds
[2025-12-01T23:58:06.207+0000] {processor.py:157} INFO - Started process (PID=985) to work on /opt/airflow/dags/mxkeys_price_dag.py
[2025-12-01T23:58:06.209+0000] {processor.py:829} INFO - Processing file /opt/airflow/dags/mxkeys_price_dag.py for tasks to queue
[2025-12-01T23:58:06.210+0000] {logging_mixin.py:151} INFO - [2025-12-01T23:58:06.210+0000] {dagbag.py:539} INFO - Filling up the DagBag from /opt/airflow/dags/mxkeys_price_dag.py
[2025-12-01T23:58:06.228+0000] {processor.py:839} INFO - DAG(s) dict_keys(['mxkeys_price_monitor']) retrieved from /opt/airflow/dags/mxkeys_price_dag.py
[2025-12-01T23:58:06.269+0000] {logging_mixin.py:151} INFO - [2025-12-01T23:58:06.269+0000] {dag.py:2915} INFO - Sync 1 DAGs
[2025-12-01T23:58:06.304+0000] {logging_mixin.py:151} INFO - [2025-12-01T23:58:06.304+0000] {dag.py:3696} INFO - Setting next_dagrun for mxkeys_price_monitor to 2025-12-01T20:00:00+00:00, run_after=2025-12-02T00:00:00+00:00
[2025-12-01T23:58:06.333+0000] {processor.py:179} INFO - Processing /opt/airflow/dags/mxkeys_price_dag.py took 0.132 seconds
[2025-12-01T23:58:36.447+0000] {processor.py:157} INFO - Started process (PID=990) to work on /opt/airflow/dags/mxkeys_price_dag.py
[2025-12-01T23:58:36.448+0000] {processor.py:829} INFO - Processing file /opt/airflow/dags/mxkeys_price_dag.py for tasks to queue
[2025-12-01T23:58:36.450+0000] {logging_mixin.py:151} INFO - [2025-12-01T23:58:36.450+0000] {dagbag.py:539} INFO - Filling up the DagBag from /opt/airflow/dags/mxkeys_price_dag.py
[2025-12-01T23:58:36.466+0000] {processor.py:839} INFO - DAG(s) dict_keys(['mxkeys_price_monitor']) retrieved from /opt/airflow/dags/mxkeys_price_dag.py
[2025-12-01T23:58:36.507+0000] {logging_mixin.py:151} INFO - [2025-12-01T23:58:36.507+0000] {dag.py:2915} INFO - Sync 1 DAGs
[2025-12-01T23:58:36.541+0000] {logging_mixin.py:151} INFO - [2025-12-01T23:58:36.541+0000] {dag.py:3696} INFO - Setting next_dagrun for mxkeys_price_monitor to 2025-12-01T20:00:00+00:00, run_after=2025-12-02T00:00:00+00:00
[2025-12-01T23:58:36.569+0000] {processor.py:179} INFO - Processing /opt/airflow/dags/mxkeys_price_dag.py took 0.128 seconds
[2025-12-01T23:59:06.700+0000] {processor.py:157} INFO - Started process (PID=995) to work on /opt/airflow/dags/mxkeys_price_dag.py
[2025-12-01T23:59:06.704+0000] {processor.py:829} INFO - Processing file /opt/airflow/dags/mxkeys_price_dag.py for tasks to queue
[2025-12-01T23:59:06.706+0000] {logging_mixin.py:151} INFO - [2025-12-01T23:59:06.706+0000] {dagbag.py:539} INFO - Filling up the DagBag from /opt/airflow/dags/mxkeys_price_dag.py
[2025-12-01T23:59:06.729+0000] {processor.py:839} INFO - DAG(s) dict_keys(['mxkeys_price_monitor']) retrieved from /opt/airflow/dags/mxkeys_price_dag.py
[2025-12-01T23:59:06.782+0000] {logging_mixin.py:151} INFO - [2025-12-01T23:59:06.781+0000] {dag.py:2915} INFO - Sync 1 DAGs
[2025-12-01T23:59:06.825+0000] {logging_mixin.py:151} INFO - [2025-12-01T23:59:06.825+0000] {dag.py:3696} INFO - Setting next_dagrun for mxkeys_price_monitor to 2025-12-01T20:00:00+00:00, run_after=2025-12-02T00:00:00+00:00
[2025-12-01T23:59:06.854+0000] {processor.py:179} INFO - Processing /opt/airflow/dags/mxkeys_price_dag.py took 0.160 seconds
[2025-12-01T23:59:37.007+0000] {processor.py:157} INFO - Started process (PID=1000) to work on /opt/airflow/dags/mxkeys_price_dag.py
[2025-12-01T23:59:37.008+0000] {processor.py:829} INFO - Processing file /opt/airflow/dags/mxkeys_price_dag.py for tasks to queue
[2025-12-01T23:59:37.009+0000] {logging_mixin.py:151} INFO - [2025-12-01T23:59:37.008+0000] {dagbag.py:539} INFO - Filling up the DagBag from /opt/airflow/dags/mxkeys_price_dag.py
[2025-12-01T23:59:37.025+0000] {processor.py:839} INFO - DAG(s) dict_keys(['mxkeys_price_monitor']) retrieved from /opt/airflow/dags/mxkeys_price_dag.py
[2025-12-01T23:59:37.068+0000] {logging_mixin.py:151} INFO - [2025-12-01T23:59:37.068+0000] {dag.py:2915} INFO - Sync 1 DAGs
[2025-12-01T23:59:37.103+0000] {logging_mixin.py:151} INFO - [2025-12-01T23:59:37.102+0000] {dag.py:3696} INFO - Setting next_dagrun for mxkeys_price_monitor to 2025-12-01T20:00:00+00:00, run_after=2025-12-02T00:00:00+00:00
[2025-12-01T23:59:37.132+0000] {processor.py:179} INFO - Processing /opt/airflow/dags/mxkeys_price_dag.py took 0.133 seconds
