[2025-12-02T00:43:13.233+0000] {taskinstance.py:1157} INFO - Dependencies all met for dep_context=non-requeueable deps ti=<TaskInstance: mxkeys_price_monitor.run_scraper manual__2025-12-02T00:43:11.191547+00:00 [queued]>
[2025-12-02T00:43:13.256+0000] {taskinstance.py:1157} INFO - Dependencies all met for dep_context=requeueable deps ti=<TaskInstance: mxkeys_price_monitor.run_scraper manual__2025-12-02T00:43:11.191547+00:00 [queued]>
[2025-12-02T00:43:13.257+0000] {taskinstance.py:1359} INFO - Starting attempt 1 of 3
[2025-12-02T00:43:13.297+0000] {taskinstance.py:1380} INFO - Executing <Task(BashOperator): run_scraper> on 2025-12-02 00:43:11.191547+00:00
[2025-12-02T00:43:13.307+0000] {standard_task_runner.py:57} INFO - Started process 427 to run task
[2025-12-02T00:43:13.314+0000] {standard_task_runner.py:84} INFO - Running: ['***', 'tasks', 'run', 'mxkeys_price_monitor', 'run_scraper', 'manual__2025-12-02T00:43:11.191547+00:00', '--job-id', '20', '--raw', '--subdir', 'DAGS_FOLDER/mxkeys_price_dag.py', '--cfg-path', '/tmp/tmpvzzflqrg']
[2025-12-02T00:43:13.321+0000] {standard_task_runner.py:85} INFO - Job 20: Subtask run_scraper
[2025-12-02T00:43:13.480+0000] {task_command.py:415} INFO - Running <TaskInstance: mxkeys_price_monitor.run_scraper manual__2025-12-02T00:43:11.191547+00:00 [running]> on host 5ba81b27a023
[2025-12-02T00:43:13.837+0000] {taskinstance.py:1660} INFO - Exporting env vars: AIRFLOW_CTX_DAG_OWNER='rafael' AIRFLOW_CTX_DAG_ID='mxkeys_price_monitor' AIRFLOW_CTX_TASK_ID='run_scraper' AIRFLOW_CTX_EXECUTION_DATE='2025-12-02T00:43:11.191547+00:00' AIRFLOW_CTX_TRY_NUMBER='1' AIRFLOW_CTX_DAG_RUN_ID='manual__2025-12-02T00:43:11.191547+00:00'
[2025-12-02T00:43:13.840+0000] {subprocess.py:63} INFO - Tmp dir root location: /tmp
[2025-12-02T00:43:13.842+0000] {subprocess.py:75} INFO - Running command: ['/bin/bash', '-c', 'export MXKEYS_SITES_FILE=/opt/***/dags/sites.json && cd /opt && python -m scraper.main']
[2025-12-02T00:43:13.867+0000] {subprocess.py:86} INFO - Output:
[2025-12-02T00:43:14.938+0000] {subprocess.py:93} INFO - Traceback (most recent call last):
[2025-12-02T00:43:14.939+0000] {subprocess.py:93} INFO -   File "/usr/local/lib/python3.8/runpy.py", line 194, in _run_module_as_main
[2025-12-02T00:43:14.939+0000] {subprocess.py:93} INFO -     return _run_code(code, main_globals, None,
[2025-12-02T00:43:14.939+0000] {subprocess.py:93} INFO -   File "/usr/local/lib/python3.8/runpy.py", line 87, in _run_code
[2025-12-02T00:43:14.940+0000] {subprocess.py:93} INFO -     exec(code, run_globals)
[2025-12-02T00:43:14.940+0000] {subprocess.py:93} INFO -   File "/opt/scraper/main.py", line 9, in <module>
[2025-12-02T00:43:14.941+0000] {subprocess.py:93} INFO -     from scraper.config import (
[2025-12-02T00:43:14.941+0000] {subprocess.py:93} INFO - ImportError: cannot import name 'DB' from 'scraper.config' (/opt/scraper/config.py)
[2025-12-02T00:43:14.941+0000] {subprocess.py:93} INFO - → Carregando sites de: /opt/***/dags/sites.json
[2025-12-02T00:43:14.973+0000] {subprocess.py:97} INFO - Command exited with return code 1
[2025-12-02T00:43:14.993+0000] {taskinstance.py:1935} ERROR - Task failed with exception
Traceback (most recent call last):
  File "/home/airflow/.local/lib/python3.8/site-packages/airflow/operators/bash.py", line 210, in execute
    raise AirflowException(
airflow.exceptions.AirflowException: Bash command failed. The command returned a non-zero exit code 1.
[2025-12-02T00:43:15.000+0000] {taskinstance.py:1398} INFO - Marking task as UP_FOR_RETRY. dag_id=mxkeys_price_monitor, task_id=run_scraper, execution_date=20251202T004311, start_date=20251202T004313, end_date=20251202T004314
[2025-12-02T00:43:15.022+0000] {standard_task_runner.py:104} ERROR - Failed to execute job 20 for task run_scraper (Bash command failed. The command returned a non-zero exit code 1.; 427)
[2025-12-02T00:43:15.044+0000] {local_task_job_runner.py:228} INFO - Task exited with return code 1
[2025-12-02T00:43:15.096+0000] {taskinstance.py:2776} INFO - 0 downstream tasks scheduled from follow-on schedule check
