[2025-11-27T19:21:03.439+0000] {taskinstance.py:1157} INFO - Dependencies all met for dep_context=non-requeueable deps ti=<TaskInstance: mxkeys_price_monitor.run_scraper manual__2025-11-27T19:21:00.262494+00:00 [queued]>
[2025-11-27T19:21:03.452+0000] {taskinstance.py:1157} INFO - Dependencies all met for dep_context=requeueable deps ti=<TaskInstance: mxkeys_price_monitor.run_scraper manual__2025-11-27T19:21:00.262494+00:00 [queued]>
[2025-11-27T19:21:03.452+0000] {taskinstance.py:1359} INFO - Starting attempt 1 of 3
[2025-11-27T19:21:03.471+0000] {taskinstance.py:1380} INFO - Executing <Task(BashOperator): run_scraper> on 2025-11-27 19:21:00.262494+00:00
[2025-11-27T19:21:03.477+0000] {standard_task_runner.py:57} INFO - Started process 200 to run task
[2025-11-27T19:21:03.481+0000] {standard_task_runner.py:84} INFO - Running: ['***', 'tasks', 'run', 'mxkeys_price_monitor', 'run_scraper', 'manual__2025-11-27T19:21:00.262494+00:00', '--job-id', '9', '--raw', '--subdir', 'DAGS_FOLDER/mxkeys_price_dag.py', '--cfg-path', '/tmp/tmp2x45jada']
[2025-11-27T19:21:03.485+0000] {standard_task_runner.py:85} INFO - Job 9: Subtask run_scraper
[2025-11-27T19:21:03.562+0000] {task_command.py:415} INFO - Running <TaskInstance: mxkeys_price_monitor.run_scraper manual__2025-11-27T19:21:00.262494+00:00 [running]> on host a5cb0dddf9ce
[2025-11-27T19:21:03.697+0000] {taskinstance.py:1660} INFO - Exporting env vars: AIRFLOW_CTX_DAG_OWNER='rafael' AIRFLOW_CTX_DAG_ID='mxkeys_price_monitor' AIRFLOW_CTX_TASK_ID='run_scraper' AIRFLOW_CTX_EXECUTION_DATE='2025-11-27T19:21:00.262494+00:00' AIRFLOW_CTX_TRY_NUMBER='1' AIRFLOW_CTX_DAG_RUN_ID='manual__2025-11-27T19:21:00.262494+00:00'
[2025-11-27T19:21:03.699+0000] {subprocess.py:63} INFO - Tmp dir root location: /tmp
[2025-11-27T19:21:03.700+0000] {subprocess.py:75} INFO - Running command: ['/bin/bash', '-c', 'cd /opt && python -m scraper.main']
[2025-11-27T19:21:03.713+0000] {subprocess.py:86} INFO - Output:
[2025-11-27T19:21:19.886+0000] {subprocess.py:93} INFO - Coletando amazon -> https://www.amazon.com.br/Logitech-Inteligente-Easy-Switch-dispositivos-Recarreg%C3%A1vel/dp/B09LYZP1LG/ref=sr_1_2_sspa?dib=eyJ2IjoiMSJ9.qAv9Nt1hy_T06DHe7RDrRr0qSFpdgID11gqOlzil9_QCR0G_KavyYoh3VzqKgbcUb0BLuIziuqbjdrKm-KpjAwPLONUB624veUt2iSS7wWeIfgYgASwavVcWEc0SUeJY5lSWVeYWANzYLlw7fXMV2x3TxOkUu-bXaqy5uRRjC8txFj7wrvT1jm9FGwEW4EsINWlEh2oAcFjdp9H1UJQNrJw8XQSoDk_FGlA26nE1deUPUGFg7_79lK3jPgui3oGcCI3CkA2Cn-1ap0Ls1rxc_CqYUcX-87SPku7SaJ-j_F8.GYwRk8Ecu4WHEZL3HU9kwFNRCyDPuhXJUPJ-N4q_M78&dib_tag=se&keywords=mx%2Bkeys&qid=1764247189&sr=8-2-spons&ufe=app_do%3Aamzn1.fos.25548f35-0de7-44b3-b28e-0f56f3f96147&sp_csd=d2lkZ2V0TmFtZT1zcF9hdGY&th=1
[2025-11-27T19:21:19.887+0000] {subprocess.py:93} INFO - Coletando mercadolivre -> https://www.mercadolivre.com.br/teclado-bluetooth-logitech-master-series-mx-keys-mini-qwerty-ingls-uk-cor-grafite-com-luz-branco/p/MLB18931565#polycard_client=search-nordic&search_layout=grid&position=4&type=product&tracking_id=cc68bf9e-3bed-443f-a340-68492d0e925a&wid=MLB5922924006&sid=search
[2025-11-27T19:21:19.887+0000] {subprocess.py:93} INFO - Erro ao buscar https://www.mercadolivre.com.br/teclado-bluetooth-logitech-master-series-mx-keys-mini-qwerty-ingls-uk-cor-grafite-com-luz-branco/p/MLB18931565#polycard_client=search-nordic&search_layout=grid&position=4&type=product&tracking_id=cc68bf9e-3bed-443f-a340-68492d0e925a&wid=MLB5922924006&sid=search: 403 Client Error: Forbidden for url: https://www.mercadolivre.com.br/teclado-bluetooth-logitech-master-series-mx-keys-mini-qwerty-ingls-uk-cor-grafite-com-luz-branco/p/MLB18931565#polycard_client=search-nordic&search_layout=grid&position=4&type=product&tracking_id=cc68bf9e-3bed-443f-a340-68492d0e925a&wid=MLB5922924006&sid=search
[2025-11-27T19:21:19.888+0000] {subprocess.py:93} INFO - Coletando magalu -> https://www.magazineluiza.com.br/teclado-bluetooth-logitech-master-series-mx-keys-mini-qwerty/p/kkf0k96c15/in/tcld/?seller_id=armazemtb
[2025-11-27T19:21:19.888+0000] {subprocess.py:93} INFO - Coletando kabum -> https://www.kabum.com.br/produto/366615/teclado-logitech-mx-keys-mini-cinza-padrao-us-920-010506
[2025-11-27T19:21:19.888+0000] {subprocess.py:93} INFO - amazon None
[2025-11-27T19:21:19.889+0000] {subprocess.py:93} INFO - mercadolivre None
[2025-11-27T19:21:19.891+0000] {subprocess.py:93} INFO - magalu None
[2025-11-27T19:21:19.891+0000] {subprocess.py:93} INFO - kabum 750.03
[2025-11-27T19:21:19.929+0000] {subprocess.py:97} INFO - Command exited with return code 0
[2025-11-27T19:21:19.980+0000] {taskinstance.py:1398} INFO - Marking task as SUCCESS. dag_id=mxkeys_price_monitor, task_id=run_scraper, execution_date=20251127T192100, start_date=20251127T192103, end_date=20251127T192119
[2025-11-27T19:21:20.042+0000] {local_task_job_runner.py:228} INFO - Task exited with return code 0
[2025-11-27T19:21:20.075+0000] {taskinstance.py:2776} INFO - 0 downstream tasks scheduled from follow-on schedule check
