[2025-11-29T10:59:28.574+0000] {taskinstance.py:1157} INFO - Dependencies all met for dep_context=non-requeueable deps ti=<TaskInstance: mxkeys_price_monitor.run_scraper scheduled__2025-11-29T04:00:00+00:00 [queued]>
[2025-11-29T10:59:28.604+0000] {taskinstance.py:1157} INFO - Dependencies all met for dep_context=requeueable deps ti=<TaskInstance: mxkeys_price_monitor.run_scraper scheduled__2025-11-29T04:00:00+00:00 [queued]>
[2025-11-29T10:59:28.605+0000] {taskinstance.py:1359} INFO - Starting attempt 1 of 3
[2025-11-29T10:59:28.780+0000] {taskinstance.py:1380} INFO - Executing <Task(BashOperator): run_scraper> on 2025-11-29 04:00:00+00:00
[2025-11-29T10:59:28.823+0000] {standard_task_runner.py:57} INFO - Started process 691 to run task
[2025-11-29T10:59:28.836+0000] {standard_task_runner.py:84} INFO - Running: ['***', 'tasks', 'run', 'mxkeys_price_monitor', 'run_scraper', 'scheduled__2025-11-29T04:00:00+00:00', '--job-id', '31', '--raw', '--subdir', 'DAGS_FOLDER/mxkeys_price_dag.py', '--cfg-path', '/tmp/tmpi438qy5e']
[2025-11-29T10:59:28.842+0000] {standard_task_runner.py:85} INFO - Job 31: Subtask run_scraper
[2025-11-29T10:59:29.615+0000] {task_command.py:415} INFO - Running <TaskInstance: mxkeys_price_monitor.run_scraper scheduled__2025-11-29T04:00:00+00:00 [running]> on host 7e8ad6c5ec07
[2025-11-29T10:59:30.310+0000] {taskinstance.py:1660} INFO - Exporting env vars: AIRFLOW_CTX_DAG_OWNER='rafael' AIRFLOW_CTX_DAG_ID='mxkeys_price_monitor' AIRFLOW_CTX_TASK_ID='run_scraper' AIRFLOW_CTX_EXECUTION_DATE='2025-11-29T04:00:00+00:00' AIRFLOW_CTX_TRY_NUMBER='1' AIRFLOW_CTX_DAG_RUN_ID='scheduled__2025-11-29T04:00:00+00:00'
[2025-11-29T10:59:30.318+0000] {subprocess.py:63} INFO - Tmp dir root location: /tmp
[2025-11-29T10:59:30.319+0000] {subprocess.py:75} INFO - Running command: ['/bin/bash', '-c', 'cd /opt && python -m scraper.main']
[2025-11-29T10:59:30.343+0000] {subprocess.py:86} INFO - Output:
[2025-11-29T10:59:50.845+0000] {subprocess.py:93} INFO - Coletando amazon -> https://www.amazon.com.br/dp/B09LYZP1LG
[2025-11-29T10:59:50.846+0000] {subprocess.py:93} INFO - Coletando mercadolivre -> https://www.mercadolivre.com.br/MLB-18931565
[2025-11-29T10:59:50.847+0000] {subprocess.py:93} INFO - Erro ao buscar https://www.mercadolivre.com.br/MLB-18931565: 404 Client Error: Not Found for url: https://www.mercadolivre.com.br/MLB-18931565
[2025-11-29T10:59:50.847+0000] {subprocess.py:93} INFO - Coletando magalu -> https://www.magazineluiza.com.br/teclado-bluetooth-logitech-master-series-mx-keys-mini-qwerty/p/kkf0k96c15
[2025-11-29T10:59:50.847+0000] {subprocess.py:93} INFO - Erro ao buscar https://www.magazineluiza.com.br/teclado-bluetooth-logitech-master-series-mx-keys-mini-qwerty/p/kkf0k96c15: 404 Client Error: Not Found for url: https://www.magazineluiza.com.br/teclado-bluetooth-logitech-master-series-mx-keys-mini-qwerty/p/kkf0k96c15/
[2025-11-29T10:59:50.848+0000] {subprocess.py:93} INFO - Coletando kabum -> https://www.kabum.com.br/produto/366615/teclado-logitech-mx-keys-mini-cinza-padrao-us-920-010506
[2025-11-29T10:59:50.848+0000] {subprocess.py:93} INFO - amazon None
[2025-11-29T10:59:50.849+0000] {subprocess.py:93} INFO - Aviso: preço não encontrado para amazon (https://www.amazon.com.br/dp/B09LYZP1LG) — pulando inserção.
[2025-11-29T10:59:50.850+0000] {subprocess.py:93} INFO - mercadolivre None
[2025-11-29T10:59:50.851+0000] {subprocess.py:93} INFO - Aviso: preço não encontrado para mercadolivre (https://www.mercadolivre.com.br/MLB-18931565) — pulando inserção.
[2025-11-29T10:59:50.851+0000] {subprocess.py:93} INFO - magalu None
[2025-11-29T10:59:50.851+0000] {subprocess.py:93} INFO - Aviso: preço não encontrado para magalu (https://www.magazineluiza.com.br/teclado-bluetooth-logitech-master-series-mx-keys-mini-qwerty/p/kkf0k96c15) — pulando inserção.
[2025-11-29T10:59:50.852+0000] {subprocess.py:93} INFO - kabum 750.03
[2025-11-29T10:59:50.957+0000] {subprocess.py:97} INFO - Command exited with return code 0
[2025-11-29T10:59:51.079+0000] {taskinstance.py:1398} INFO - Marking task as SUCCESS. dag_id=mxkeys_price_monitor, task_id=run_scraper, execution_date=20251129T040000, start_date=20251129T105928, end_date=20251129T105951
[2025-11-29T10:59:51.219+0000] {local_task_job_runner.py:228} INFO - Task exited with return code 0
[2025-11-29T10:59:51.297+0000] {taskinstance.py:2776} INFO - 0 downstream tasks scheduled from follow-on schedule check
