[2025-11-29T17:11:29.015+0000] {taskinstance.py:1157} INFO - Dependencies all met for dep_context=non-requeueable deps ti=<TaskInstance: mxkeys_price_monitor.run_scraper manual__2025-11-29T17:11:24.997847+00:00 [queued]>
[2025-11-29T17:11:29.047+0000] {taskinstance.py:1157} INFO - Dependencies all met for dep_context=requeueable deps ti=<TaskInstance: mxkeys_price_monitor.run_scraper manual__2025-11-29T17:11:24.997847+00:00 [queued]>
[2025-11-29T17:11:29.047+0000] {taskinstance.py:1359} INFO - Starting attempt 1 of 3
[2025-11-29T17:11:29.082+0000] {taskinstance.py:1380} INFO - Executing <Task(BashOperator): run_scraper> on 2025-11-29 17:11:24.997847+00:00
[2025-11-29T17:11:29.096+0000] {standard_task_runner.py:57} INFO - Started process 206 to run task
[2025-11-29T17:11:29.106+0000] {standard_task_runner.py:84} INFO - Running: ['***', 'tasks', 'run', 'mxkeys_price_monitor', 'run_scraper', 'manual__2025-11-29T17:11:24.997847+00:00', '--job-id', '41', '--raw', '--subdir', 'DAGS_FOLDER/mxkeys_price_dag.py', '--cfg-path', '/tmp/tmpgdso8rpr']
[2025-11-29T17:11:29.111+0000] {standard_task_runner.py:85} INFO - Job 41: Subtask run_scraper
[2025-11-29T17:11:29.215+0000] {task_command.py:415} INFO - Running <TaskInstance: mxkeys_price_monitor.run_scraper manual__2025-11-29T17:11:24.997847+00:00 [running]> on host 7d8f4d18087b
[2025-11-29T17:11:29.371+0000] {taskinstance.py:1660} INFO - Exporting env vars: AIRFLOW_CTX_DAG_OWNER='rafael' AIRFLOW_CTX_DAG_ID='mxkeys_price_monitor' AIRFLOW_CTX_TASK_ID='run_scraper' AIRFLOW_CTX_EXECUTION_DATE='2025-11-29T17:11:24.997847+00:00' AIRFLOW_CTX_TRY_NUMBER='1' AIRFLOW_CTX_DAG_RUN_ID='manual__2025-11-29T17:11:24.997847+00:00'
[2025-11-29T17:11:29.373+0000] {subprocess.py:63} INFO - Tmp dir root location: /tmp
[2025-11-29T17:11:29.374+0000] {subprocess.py:75} INFO - Running command: ['/bin/bash', '-c', 'cd /opt && python -m scraper.main']
[2025-11-29T17:11:29.392+0000] {subprocess.py:86} INFO - Output:
[2025-11-29T17:12:01.689+0000] {subprocess.py:93} INFO - 
[2025-11-29T17:12:01.694+0000] {subprocess.py:93} INFO - ➡️ Coletando amazon: https://www.amazon.com.br/dp/B09LYZP1LG
[2025-11-29T17:12:01.695+0000] {subprocess.py:93} INFO - 
[2025-11-29T17:12:01.695+0000] {subprocess.py:93} INFO - 🔎 Buscando preço de amazon
[2025-11-29T17:12:01.695+0000] {subprocess.py:93} INFO - ⚠ AMAZON SEM PREÇO — salvando HTML para debug…
[2025-11-29T17:12:01.696+0000] {subprocess.py:93} INFO - ❌ ERRO no scraping de amazon: [Errno 13] Permission denied: 'amazon_debug.html'
[2025-11-29T17:12:01.696+0000] {subprocess.py:93} INFO - 
[2025-11-29T17:12:01.696+0000] {subprocess.py:93} INFO - ➡️ Coletando mercadolivre: https://encurtador.com.br/Wiwd
[2025-11-29T17:12:01.696+0000] {subprocess.py:93} INFO - 
[2025-11-29T17:12:01.697+0000] {subprocess.py:93} INFO - 🔎 Buscando preço de mercadolivre
[2025-11-29T17:12:01.697+0000] {subprocess.py:93} INFO - ⚠ Falhou API - tentando HTML
[2025-11-29T17:12:01.697+0000] {subprocess.py:93} INFO - 
[2025-11-29T17:12:01.698+0000] {subprocess.py:93} INFO - ➡️ Coletando magalu: https://www.magazineluiza.com.br/teclado-bluetooth-logitech-master-series-mx-keys-mini-qwerty/p/kkf0k96c15
[2025-11-29T17:12:01.698+0000] {subprocess.py:93} INFO - 
[2025-11-29T17:12:01.698+0000] {subprocess.py:93} INFO - 🔎 Buscando preço de magalu
[2025-11-29T17:12:01.698+0000] {subprocess.py:93} INFO - Erro ao buscar https://www.magazineluiza.com.br/teclado-bluetooth-logitech-master-series-mx-keys-mini-qwerty/p/kkf0k96c15: 404 Client Error: Not Found for url: https://www.magazineluiza.com.br/teclado-bluetooth-logitech-master-series-mx-keys-mini-qwerty/p/kkf0k96c15/
[2025-11-29T17:12:01.699+0000] {subprocess.py:93} INFO - ❌ ERRO no scraping de magalu: expected string or bytes-like object
[2025-11-29T17:12:01.699+0000] {subprocess.py:93} INFO - 
[2025-11-29T17:12:01.699+0000] {subprocess.py:93} INFO - ➡️ Coletando kabum: https://www.kabum.com.br/produto/366615/teclado-logitech-mx-keys-mini-cinza-padrao-us-920-010506
[2025-11-29T17:12:01.699+0000] {subprocess.py:93} INFO - 
[2025-11-29T17:12:01.699+0000] {subprocess.py:93} INFO - 🔎 Buscando preço de kabum
[2025-11-29T17:12:01.700+0000] {subprocess.py:93} INFO - 
[2025-11-29T17:12:01.700+0000] {subprocess.py:93} INFO - ➡️ Coletando iplace: https://shre.ink/qhmu
[2025-11-29T17:12:01.700+0000] {subprocess.py:93} INFO - 
[2025-11-29T17:12:01.700+0000] {subprocess.py:93} INFO - 🔎 Buscando preço de iplace
[2025-11-29T17:12:01.700+0000] {subprocess.py:93} INFO - 
[2025-11-29T17:12:01.700+0000] {subprocess.py:93} INFO - ➡️ Coletando terabyte: https://shre.ink/qhm3
[2025-11-29T17:12:01.701+0000] {subprocess.py:93} INFO - 
[2025-11-29T17:12:01.701+0000] {subprocess.py:93} INFO - 🔎 Buscando preço de terabyte
[2025-11-29T17:12:01.701+0000] {subprocess.py:93} INFO - Erro ao buscar https://shre.ink/qhm3: 403 Client Error: Forbidden for url: https://www.terabyteshop.com.br/produto/28634/teclado-logitech-mx-keys-mini-sem-fio-iluminacao-smart-easy-switch-grafite-920-010505
[2025-11-29T17:12:01.701+0000] {subprocess.py:93} INFO - 
[2025-11-29T17:12:01.701+0000] {subprocess.py:93} INFO - ➡️ Coletando pichau: https://www.pichau.com.br/teclado-sem-fio-logitech-mx-keys-mini-iluminacao-smart-easy-switch-grafite-920-010505
[2025-11-29T17:12:01.701+0000] {subprocess.py:93} INFO - 
[2025-11-29T17:12:01.701+0000] {subprocess.py:93} INFO - 🔎 Buscando preço de pichau
[2025-11-29T17:12:01.702+0000] {subprocess.py:93} INFO - Erro ao buscar https://www.pichau.com.br/teclado-sem-fio-logitech-mx-keys-mini-iluminacao-smart-easy-switch-grafite-920-010505: 403 Client Error: Forbidden for url: https://www.pichau.com.br/teclado-sem-fio-logitech-mx-keys-mini-iluminacao-smart-easy-switch-grafite-920-010505
[2025-11-29T17:12:01.702+0000] {subprocess.py:93} INFO - amazon None
[2025-11-29T17:12:01.702+0000] {subprocess.py:93} INFO - Aviso: preço não encontrado para amazon (https://www.amazon.com.br/dp/B09LYZP1LG) — pulando inserção.
[2025-11-29T17:12:01.702+0000] {subprocess.py:93} INFO - mercadolivre 682.0
[2025-11-29T17:12:01.702+0000] {subprocess.py:93} INFO - magalu None
[2025-11-29T17:12:01.702+0000] {subprocess.py:93} INFO - Aviso: preço não encontrado para magalu (https://www.magazineluiza.com.br/teclado-bluetooth-logitech-master-series-mx-keys-mini-qwerty/p/kkf0k96c15) — pulando inserção.
[2025-11-29T17:12:01.702+0000] {subprocess.py:93} INFO - kabum 750.03
[2025-11-29T17:12:01.703+0000] {subprocess.py:93} INFO - iplace None
[2025-11-29T17:12:01.703+0000] {subprocess.py:93} INFO - Aviso: preço não encontrado para iplace (https://shre.ink/qhmu) — pulando inserção.
[2025-11-29T17:12:01.703+0000] {subprocess.py:93} INFO - terabyte None
[2025-11-29T17:12:01.703+0000] {subprocess.py:93} INFO - Aviso: preço não encontrado para terabyte (https://shre.ink/qhm3) — pulando inserção.
[2025-11-29T17:12:01.704+0000] {subprocess.py:93} INFO - pichau None
[2025-11-29T17:12:01.704+0000] {subprocess.py:93} INFO - Aviso: preço não encontrado para pichau (https://www.pichau.com.br/teclado-sem-fio-logitech-mx-keys-mini-iluminacao-smart-easy-switch-grafite-920-010505) — pulando inserção.
[2025-11-29T17:12:01.735+0000] {subprocess.py:97} INFO - Command exited with return code 0
[2025-11-29T17:12:01.783+0000] {taskinstance.py:1398} INFO - Marking task as SUCCESS. dag_id=mxkeys_price_monitor, task_id=run_scraper, execution_date=20251129T171124, start_date=20251129T171129, end_date=20251129T171201
[2025-11-29T17:12:01.848+0000] {local_task_job_runner.py:228} INFO - Task exited with return code 0
[2025-11-29T17:12:01.902+0000] {taskinstance.py:2776} INFO - 0 downstream tasks scheduled from follow-on schedule check
